ARM GAS  /tmp/cchdkUaA.s 			page 1


   1              		.cpu cortex-m3
   2              		.eabi_attribute 20, 1
   3              		.eabi_attribute 21, 1
   4              		.eabi_attribute 23, 3
   5              		.eabi_attribute 24, 1
   6              		.eabi_attribute 25, 1
   7              		.eabi_attribute 26, 1
   8              		.eabi_attribute 30, 1
   9              		.eabi_attribute 34, 1
  10              		.eabi_attribute 18, 4
  11              		.file	"adc.c"
  12              		.text
  13              	.Ltext0:
  14              		.cfi_sections	.debug_frame
  15              		.section	.text.MX_ADC1_Init,"ax",%progbits
  16              		.align	1
  17              		.global	MX_ADC1_Init
  18              		.arch armv7-m
  19              		.syntax unified
  20              		.thumb
  21              		.thumb_func
  22              		.fpu softvfp
  24              	MX_ADC1_Init:
  25              	.LFB68:
  26              		.file 1 "Src/adc.c"
   1:Src/adc.c     **** /**
   2:Src/adc.c     ****   ******************************************************************************
   3:Src/adc.c     ****   * File Name          : ADC.c
   4:Src/adc.c     ****   * Description        : This file provides code for the configuration
   5:Src/adc.c     ****   *                      of the ADC instances.
   6:Src/adc.c     ****   ******************************************************************************
   7:Src/adc.c     ****   * @attention
   8:Src/adc.c     ****   *
   9:Src/adc.c     ****   * <h2><center>&copy; Copyright (c) 2021 STMicroelectronics.
  10:Src/adc.c     ****   * All rights reserved.</center></h2>
  11:Src/adc.c     ****   *
  12:Src/adc.c     ****   * This software component is licensed by ST under BSD 3-Clause license,
  13:Src/adc.c     ****   * the "License"; You may not use this file except in compliance with the
  14:Src/adc.c     ****   * License. You may obtain a copy of the License at:
  15:Src/adc.c     ****   *                        opensource.org/licenses/BSD-3-Clause
  16:Src/adc.c     ****   *
  17:Src/adc.c     ****   ******************************************************************************
  18:Src/adc.c     ****   */
  19:Src/adc.c     **** 
  20:Src/adc.c     **** /* Includes ------------------------------------------------------------------*/
  21:Src/adc.c     **** #include "adc.h"
  22:Src/adc.c     **** 
  23:Src/adc.c     **** /* USER CODE BEGIN 0 */
  24:Src/adc.c     **** 
  25:Src/adc.c     **** /* USER CODE END 0 */
  26:Src/adc.c     **** 
  27:Src/adc.c     **** ADC_HandleTypeDef hadc1;
  28:Src/adc.c     **** DMA_HandleTypeDef hdma_adc1;
  29:Src/adc.c     **** 
  30:Src/adc.c     **** /* ADC1 init function */
  31:Src/adc.c     **** void MX_ADC1_Init(void)
  32:Src/adc.c     **** {
ARM GAS  /tmp/cchdkUaA.s 			page 2


  27              		.loc 1 32 1 view -0
  28              		.cfi_startproc
  29              		@ args = 0, pretend = 0, frame = 16
  30              		@ frame_needed = 0, uses_anonymous_args = 0
  31 0000 00B5     		push	{lr}
  32              	.LCFI0:
  33              		.cfi_def_cfa_offset 4
  34              		.cfi_offset 14, -4
  35 0002 85B0     		sub	sp, sp, #20
  36              	.LCFI1:
  37              		.cfi_def_cfa_offset 24
  33:Src/adc.c     ****   ADC_ChannelConfTypeDef sConfig = {0};
  38              		.loc 1 33 3 view .LVU1
  39              		.loc 1 33 26 is_stmt 0 view .LVU2
  40 0004 0023     		movs	r3, #0
  41 0006 0193     		str	r3, [sp, #4]
  42 0008 0293     		str	r3, [sp, #8]
  43 000a 0393     		str	r3, [sp, #12]
  34:Src/adc.c     **** 
  35:Src/adc.c     ****   /** Common config
  36:Src/adc.c     ****   */
  37:Src/adc.c     ****   hadc1.Instance = ADC1;
  44              		.loc 1 37 3 is_stmt 1 view .LVU3
  45              		.loc 1 37 18 is_stmt 0 view .LVU4
  46 000c 1148     		ldr	r0, .L7
  47 000e 124A     		ldr	r2, .L7+4
  48 0010 0260     		str	r2, [r0]
  38:Src/adc.c     ****   hadc1.Init.ScanConvMode = ADC_SCAN_DISABLE;
  49              		.loc 1 38 3 is_stmt 1 view .LVU5
  50              		.loc 1 38 27 is_stmt 0 view .LVU6
  51 0012 8360     		str	r3, [r0, #8]
  39:Src/adc.c     ****   hadc1.Init.ContinuousConvMode = ENABLE;
  52              		.loc 1 39 3 is_stmt 1 view .LVU7
  53              		.loc 1 39 33 is_stmt 0 view .LVU8
  54 0014 0122     		movs	r2, #1
  55 0016 0273     		strb	r2, [r0, #12]
  40:Src/adc.c     ****   hadc1.Init.DiscontinuousConvMode = DISABLE;
  56              		.loc 1 40 3 is_stmt 1 view .LVU9
  57              		.loc 1 40 36 is_stmt 0 view .LVU10
  58 0018 0375     		strb	r3, [r0, #20]
  41:Src/adc.c     ****   hadc1.Init.ExternalTrigConv = ADC_SOFTWARE_START;
  59              		.loc 1 41 3 is_stmt 1 view .LVU11
  60              		.loc 1 41 31 is_stmt 0 view .LVU12
  61 001a 4FF46021 		mov	r1, #917504
  62 001e C161     		str	r1, [r0, #28]
  42:Src/adc.c     ****   hadc1.Init.DataAlign = ADC_DATAALIGN_RIGHT;
  63              		.loc 1 42 3 is_stmt 1 view .LVU13
  64              		.loc 1 42 24 is_stmt 0 view .LVU14
  65 0020 4360     		str	r3, [r0, #4]
  43:Src/adc.c     ****   hadc1.Init.NbrOfConversion = 1;
  66              		.loc 1 43 3 is_stmt 1 view .LVU15
  67              		.loc 1 43 30 is_stmt 0 view .LVU16
  68 0022 0261     		str	r2, [r0, #16]
  44:Src/adc.c     ****   if (HAL_ADC_Init(&hadc1) != HAL_OK)
  69              		.loc 1 44 3 is_stmt 1 view .LVU17
  70              		.loc 1 44 7 is_stmt 0 view .LVU18
  71 0024 FFF7FEFF 		bl	HAL_ADC_Init
ARM GAS  /tmp/cchdkUaA.s 			page 3


  72              	.LVL0:
  73              		.loc 1 44 6 view .LVU19
  74 0028 68B9     		cbnz	r0, .L5
  75              	.L2:
  45:Src/adc.c     ****   {
  46:Src/adc.c     ****     Error_Handler();
  47:Src/adc.c     ****   }
  48:Src/adc.c     ****   /** Configure Regular Channel
  49:Src/adc.c     ****   */
  50:Src/adc.c     ****   sConfig.Channel = ADC_CHANNEL_6;
  76              		.loc 1 50 3 is_stmt 1 view .LVU20
  77              		.loc 1 50 19 is_stmt 0 view .LVU21
  78 002a 0623     		movs	r3, #6
  79 002c 0193     		str	r3, [sp, #4]
  51:Src/adc.c     ****   sConfig.Rank = ADC_REGULAR_RANK_1;
  80              		.loc 1 51 3 is_stmt 1 view .LVU22
  81              		.loc 1 51 16 is_stmt 0 view .LVU23
  82 002e 0123     		movs	r3, #1
  83 0030 0293     		str	r3, [sp, #8]
  52:Src/adc.c     ****   sConfig.SamplingTime = ADC_SAMPLETIME_239CYCLES_5;
  84              		.loc 1 52 3 is_stmt 1 view .LVU24
  85              		.loc 1 52 24 is_stmt 0 view .LVU25
  86 0032 0723     		movs	r3, #7
  87 0034 0393     		str	r3, [sp, #12]
  53:Src/adc.c     ****   if (HAL_ADC_ConfigChannel(&hadc1, &sConfig) != HAL_OK)
  88              		.loc 1 53 3 is_stmt 1 view .LVU26
  89              		.loc 1 53 7 is_stmt 0 view .LVU27
  90 0036 01A9     		add	r1, sp, #4
  91 0038 0648     		ldr	r0, .L7
  92 003a FFF7FEFF 		bl	HAL_ADC_ConfigChannel
  93              	.LVL1:
  94              		.loc 1 53 6 view .LVU28
  95 003e 28B9     		cbnz	r0, .L6
  96              	.L1:
  54:Src/adc.c     ****   {
  55:Src/adc.c     ****     Error_Handler();
  56:Src/adc.c     ****   }
  57:Src/adc.c     **** 
  58:Src/adc.c     **** }
  97              		.loc 1 58 1 view .LVU29
  98 0040 05B0     		add	sp, sp, #20
  99              	.LCFI2:
 100              		.cfi_remember_state
 101              		.cfi_def_cfa_offset 4
 102              		@ sp needed
 103 0042 5DF804FB 		ldr	pc, [sp], #4
 104              	.L5:
 105              	.LCFI3:
 106              		.cfi_restore_state
  46:Src/adc.c     ****   }
 107              		.loc 1 46 5 is_stmt 1 view .LVU30
 108 0046 FFF7FEFF 		bl	Error_Handler
 109              	.LVL2:
 110 004a EEE7     		b	.L2
 111              	.L6:
  55:Src/adc.c     ****   }
 112              		.loc 1 55 5 view .LVU31
ARM GAS  /tmp/cchdkUaA.s 			page 4


 113 004c FFF7FEFF 		bl	Error_Handler
 114              	.LVL3:
 115              		.loc 1 58 1 is_stmt 0 view .LVU32
 116 0050 F6E7     		b	.L1
 117              	.L8:
 118 0052 00BF     		.align	2
 119              	.L7:
 120 0054 00000000 		.word	hadc1
 121 0058 00240140 		.word	1073816576
 122              		.cfi_endproc
 123              	.LFE68:
 125              		.section	.text.HAL_ADC_MspInit,"ax",%progbits
 126              		.align	1
 127              		.global	HAL_ADC_MspInit
 128              		.syntax unified
 129              		.thumb
 130              		.thumb_func
 131              		.fpu softvfp
 133              	HAL_ADC_MspInit:
 134              	.LVL4:
 135              	.LFB69:
  59:Src/adc.c     **** 
  60:Src/adc.c     **** void HAL_ADC_MspInit(ADC_HandleTypeDef* adcHandle)
  61:Src/adc.c     **** {
 136              		.loc 1 61 1 is_stmt 1 view -0
 137              		.cfi_startproc
 138              		@ args = 0, pretend = 0, frame = 24
 139              		@ frame_needed = 0, uses_anonymous_args = 0
 140              		.loc 1 61 1 is_stmt 0 view .LVU34
 141 0000 10B5     		push	{r4, lr}
 142              	.LCFI4:
 143              		.cfi_def_cfa_offset 8
 144              		.cfi_offset 4, -8
 145              		.cfi_offset 14, -4
 146 0002 86B0     		sub	sp, sp, #24
 147              	.LCFI5:
 148              		.cfi_def_cfa_offset 32
  62:Src/adc.c     **** 
  63:Src/adc.c     ****   GPIO_InitTypeDef GPIO_InitStruct = {0};
 149              		.loc 1 63 3 is_stmt 1 view .LVU35
 150              		.loc 1 63 20 is_stmt 0 view .LVU36
 151 0004 0023     		movs	r3, #0
 152 0006 0293     		str	r3, [sp, #8]
 153 0008 0393     		str	r3, [sp, #12]
 154 000a 0493     		str	r3, [sp, #16]
 155 000c 0593     		str	r3, [sp, #20]
  64:Src/adc.c     ****   if(adcHandle->Instance==ADC1)
 156              		.loc 1 64 3 is_stmt 1 view .LVU37
 157              		.loc 1 64 15 is_stmt 0 view .LVU38
 158 000e 0268     		ldr	r2, [r0]
 159              		.loc 1 64 5 view .LVU39
 160 0010 1E4B     		ldr	r3, .L15
 161 0012 9A42     		cmp	r2, r3
 162 0014 01D0     		beq	.L13
 163              	.LVL5:
 164              	.L9:
  65:Src/adc.c     ****   {
ARM GAS  /tmp/cchdkUaA.s 			page 5


  66:Src/adc.c     ****   /* USER CODE BEGIN ADC1_MspInit 0 */
  67:Src/adc.c     **** 
  68:Src/adc.c     ****   /* USER CODE END ADC1_MspInit 0 */
  69:Src/adc.c     ****     /* ADC1 clock enable */
  70:Src/adc.c     ****     __HAL_RCC_ADC1_CLK_ENABLE();
  71:Src/adc.c     **** 
  72:Src/adc.c     ****     __HAL_RCC_GPIOA_CLK_ENABLE();
  73:Src/adc.c     ****     /**ADC1 GPIO Configuration
  74:Src/adc.c     ****     PA6     ------> ADC1_IN6
  75:Src/adc.c     ****     */
  76:Src/adc.c     ****     GPIO_InitStruct.Pin = TEMP_PIN_Pin;
  77:Src/adc.c     ****     GPIO_InitStruct.Mode = GPIO_MODE_ANALOG;
  78:Src/adc.c     ****     HAL_GPIO_Init(TEMP_PIN_GPIO_Port, &GPIO_InitStruct);
  79:Src/adc.c     **** 
  80:Src/adc.c     ****     /* ADC1 DMA Init */
  81:Src/adc.c     ****     /* ADC1 Init */
  82:Src/adc.c     ****     hdma_adc1.Instance = DMA1_Channel1;
  83:Src/adc.c     ****     hdma_adc1.Init.Direction = DMA_PERIPH_TO_MEMORY;
  84:Src/adc.c     ****     hdma_adc1.Init.PeriphInc = DMA_PINC_DISABLE;
  85:Src/adc.c     ****     hdma_adc1.Init.MemInc = DMA_MINC_ENABLE;
  86:Src/adc.c     ****     hdma_adc1.Init.PeriphDataAlignment = DMA_PDATAALIGN_WORD;
  87:Src/adc.c     ****     hdma_adc1.Init.MemDataAlignment = DMA_MDATAALIGN_WORD;
  88:Src/adc.c     ****     hdma_adc1.Init.Mode = DMA_CIRCULAR;
  89:Src/adc.c     ****     hdma_adc1.Init.Priority = DMA_PRIORITY_LOW;
  90:Src/adc.c     ****     if (HAL_DMA_Init(&hdma_adc1) != HAL_OK)
  91:Src/adc.c     ****     {
  92:Src/adc.c     ****       Error_Handler();
  93:Src/adc.c     ****     }
  94:Src/adc.c     **** 
  95:Src/adc.c     ****     __HAL_LINKDMA(adcHandle,DMA_Handle,hdma_adc1);
  96:Src/adc.c     **** 
  97:Src/adc.c     ****   /* USER CODE BEGIN ADC1_MspInit 1 */
  98:Src/adc.c     **** 
  99:Src/adc.c     ****   /* USER CODE END ADC1_MspInit 1 */
 100:Src/adc.c     ****   }
 101:Src/adc.c     **** }
 165              		.loc 1 101 1 view .LVU40
 166 0016 06B0     		add	sp, sp, #24
 167              	.LCFI6:
 168              		.cfi_remember_state
 169              		.cfi_def_cfa_offset 8
 170              		@ sp needed
 171 0018 10BD     		pop	{r4, pc}
 172              	.LVL6:
 173              	.L13:
 174              	.LCFI7:
 175              		.cfi_restore_state
 176              		.loc 1 101 1 view .LVU41
 177 001a 0446     		mov	r4, r0
  70:Src/adc.c     **** 
 178              		.loc 1 70 5 is_stmt 1 view .LVU42
 179              	.LBB2:
  70:Src/adc.c     **** 
 180              		.loc 1 70 5 view .LVU43
  70:Src/adc.c     **** 
 181              		.loc 1 70 5 view .LVU44
 182 001c 03F56C43 		add	r3, r3, #60416
ARM GAS  /tmp/cchdkUaA.s 			page 6


 183 0020 9A69     		ldr	r2, [r3, #24]
 184 0022 42F40072 		orr	r2, r2, #512
 185 0026 9A61     		str	r2, [r3, #24]
  70:Src/adc.c     **** 
 186              		.loc 1 70 5 view .LVU45
 187 0028 9A69     		ldr	r2, [r3, #24]
 188 002a 02F40072 		and	r2, r2, #512
 189 002e 0092     		str	r2, [sp]
  70:Src/adc.c     **** 
 190              		.loc 1 70 5 view .LVU46
 191 0030 009A     		ldr	r2, [sp]
 192              	.LBE2:
  70:Src/adc.c     **** 
 193              		.loc 1 70 5 view .LVU47
  72:Src/adc.c     ****     /**ADC1 GPIO Configuration
 194              		.loc 1 72 5 view .LVU48
 195              	.LBB3:
  72:Src/adc.c     ****     /**ADC1 GPIO Configuration
 196              		.loc 1 72 5 view .LVU49
  72:Src/adc.c     ****     /**ADC1 GPIO Configuration
 197              		.loc 1 72 5 view .LVU50
 198 0032 9A69     		ldr	r2, [r3, #24]
 199 0034 42F00402 		orr	r2, r2, #4
 200 0038 9A61     		str	r2, [r3, #24]
  72:Src/adc.c     ****     /**ADC1 GPIO Configuration
 201              		.loc 1 72 5 view .LVU51
 202 003a 9B69     		ldr	r3, [r3, #24]
 203 003c 03F00403 		and	r3, r3, #4
 204 0040 0193     		str	r3, [sp, #4]
  72:Src/adc.c     ****     /**ADC1 GPIO Configuration
 205              		.loc 1 72 5 view .LVU52
 206 0042 019B     		ldr	r3, [sp, #4]
 207              	.LBE3:
  72:Src/adc.c     ****     /**ADC1 GPIO Configuration
 208              		.loc 1 72 5 view .LVU53
  76:Src/adc.c     ****     GPIO_InitStruct.Mode = GPIO_MODE_ANALOG;
 209              		.loc 1 76 5 view .LVU54
  76:Src/adc.c     ****     GPIO_InitStruct.Mode = GPIO_MODE_ANALOG;
 210              		.loc 1 76 25 is_stmt 0 view .LVU55
 211 0044 4023     		movs	r3, #64
 212 0046 0293     		str	r3, [sp, #8]
  77:Src/adc.c     ****     HAL_GPIO_Init(TEMP_PIN_GPIO_Port, &GPIO_InitStruct);
 213              		.loc 1 77 5 is_stmt 1 view .LVU56
  77:Src/adc.c     ****     HAL_GPIO_Init(TEMP_PIN_GPIO_Port, &GPIO_InitStruct);
 214              		.loc 1 77 26 is_stmt 0 view .LVU57
 215 0048 0323     		movs	r3, #3
 216 004a 0393     		str	r3, [sp, #12]
  78:Src/adc.c     **** 
 217              		.loc 1 78 5 is_stmt 1 view .LVU58
 218 004c 02A9     		add	r1, sp, #8
 219 004e 1048     		ldr	r0, .L15+4
 220              	.LVL7:
  78:Src/adc.c     **** 
 221              		.loc 1 78 5 is_stmt 0 view .LVU59
 222 0050 FFF7FEFF 		bl	HAL_GPIO_Init
 223              	.LVL8:
  82:Src/adc.c     ****     hdma_adc1.Init.Direction = DMA_PERIPH_TO_MEMORY;
ARM GAS  /tmp/cchdkUaA.s 			page 7


 224              		.loc 1 82 5 is_stmt 1 view .LVU60
  82:Src/adc.c     ****     hdma_adc1.Init.Direction = DMA_PERIPH_TO_MEMORY;
 225              		.loc 1 82 24 is_stmt 0 view .LVU61
 226 0054 0F48     		ldr	r0, .L15+8
 227 0056 104B     		ldr	r3, .L15+12
 228 0058 0360     		str	r3, [r0]
  83:Src/adc.c     ****     hdma_adc1.Init.PeriphInc = DMA_PINC_DISABLE;
 229              		.loc 1 83 5 is_stmt 1 view .LVU62
  83:Src/adc.c     ****     hdma_adc1.Init.PeriphInc = DMA_PINC_DISABLE;
 230              		.loc 1 83 30 is_stmt 0 view .LVU63
 231 005a 0023     		movs	r3, #0
 232 005c 4360     		str	r3, [r0, #4]
  84:Src/adc.c     ****     hdma_adc1.Init.MemInc = DMA_MINC_ENABLE;
 233              		.loc 1 84 5 is_stmt 1 view .LVU64
  84:Src/adc.c     ****     hdma_adc1.Init.MemInc = DMA_MINC_ENABLE;
 234              		.loc 1 84 30 is_stmt 0 view .LVU65
 235 005e 8360     		str	r3, [r0, #8]
  85:Src/adc.c     ****     hdma_adc1.Init.PeriphDataAlignment = DMA_PDATAALIGN_WORD;
 236              		.loc 1 85 5 is_stmt 1 view .LVU66
  85:Src/adc.c     ****     hdma_adc1.Init.PeriphDataAlignment = DMA_PDATAALIGN_WORD;
 237              		.loc 1 85 27 is_stmt 0 view .LVU67
 238 0060 8022     		movs	r2, #128
 239 0062 C260     		str	r2, [r0, #12]
  86:Src/adc.c     ****     hdma_adc1.Init.MemDataAlignment = DMA_MDATAALIGN_WORD;
 240              		.loc 1 86 5 is_stmt 1 view .LVU68
  86:Src/adc.c     ****     hdma_adc1.Init.MemDataAlignment = DMA_MDATAALIGN_WORD;
 241              		.loc 1 86 40 is_stmt 0 view .LVU69
 242 0064 4FF40072 		mov	r2, #512
 243 0068 0261     		str	r2, [r0, #16]
  87:Src/adc.c     ****     hdma_adc1.Init.Mode = DMA_CIRCULAR;
 244              		.loc 1 87 5 is_stmt 1 view .LVU70
  87:Src/adc.c     ****     hdma_adc1.Init.Mode = DMA_CIRCULAR;
 245              		.loc 1 87 37 is_stmt 0 view .LVU71
 246 006a 4FF40062 		mov	r2, #2048
 247 006e 4261     		str	r2, [r0, #20]
  88:Src/adc.c     ****     hdma_adc1.Init.Priority = DMA_PRIORITY_LOW;
 248              		.loc 1 88 5 is_stmt 1 view .LVU72
  88:Src/adc.c     ****     hdma_adc1.Init.Priority = DMA_PRIORITY_LOW;
 249              		.loc 1 88 25 is_stmt 0 view .LVU73
 250 0070 2022     		movs	r2, #32
 251 0072 8261     		str	r2, [r0, #24]
  89:Src/adc.c     ****     if (HAL_DMA_Init(&hdma_adc1) != HAL_OK)
 252              		.loc 1 89 5 is_stmt 1 view .LVU74
  89:Src/adc.c     ****     if (HAL_DMA_Init(&hdma_adc1) != HAL_OK)
 253              		.loc 1 89 29 is_stmt 0 view .LVU75
 254 0074 C361     		str	r3, [r0, #28]
  90:Src/adc.c     ****     {
 255              		.loc 1 90 5 is_stmt 1 view .LVU76
  90:Src/adc.c     ****     {
 256              		.loc 1 90 9 is_stmt 0 view .LVU77
 257 0076 FFF7FEFF 		bl	HAL_DMA_Init
 258              	.LVL9:
  90:Src/adc.c     ****     {
 259              		.loc 1 90 8 view .LVU78
 260 007a 18B9     		cbnz	r0, .L14
 261              	.L11:
  95:Src/adc.c     **** 
ARM GAS  /tmp/cchdkUaA.s 			page 8


 262              		.loc 1 95 5 is_stmt 1 view .LVU79
  95:Src/adc.c     **** 
 263              		.loc 1 95 5 view .LVU80
 264 007c 054B     		ldr	r3, .L15+8
 265 007e 2362     		str	r3, [r4, #32]
  95:Src/adc.c     **** 
 266              		.loc 1 95 5 view .LVU81
 267 0080 5C62     		str	r4, [r3, #36]
  95:Src/adc.c     **** 
 268              		.loc 1 95 5 view .LVU82
 269              		.loc 1 101 1 is_stmt 0 view .LVU83
 270 0082 C8E7     		b	.L9
 271              	.L14:
  92:Src/adc.c     ****     }
 272              		.loc 1 92 7 is_stmt 1 view .LVU84
 273 0084 FFF7FEFF 		bl	Error_Handler
 274              	.LVL10:
 275 0088 F8E7     		b	.L11
 276              	.L16:
 277 008a 00BF     		.align	2
 278              	.L15:
 279 008c 00240140 		.word	1073816576
 280 0090 00080140 		.word	1073809408
 281 0094 00000000 		.word	hdma_adc1
 282 0098 08000240 		.word	1073872904
 283              		.cfi_endproc
 284              	.LFE69:
 286              		.section	.text.HAL_ADC_MspDeInit,"ax",%progbits
 287              		.align	1
 288              		.global	HAL_ADC_MspDeInit
 289              		.syntax unified
 290              		.thumb
 291              		.thumb_func
 292              		.fpu softvfp
 294              	HAL_ADC_MspDeInit:
 295              	.LVL11:
 296              	.LFB70:
 102:Src/adc.c     **** 
 103:Src/adc.c     **** void HAL_ADC_MspDeInit(ADC_HandleTypeDef* adcHandle)
 104:Src/adc.c     **** {
 297              		.loc 1 104 1 view -0
 298              		.cfi_startproc
 299              		@ args = 0, pretend = 0, frame = 0
 300              		@ frame_needed = 0, uses_anonymous_args = 0
 105:Src/adc.c     **** 
 106:Src/adc.c     ****   if(adcHandle->Instance==ADC1)
 301              		.loc 1 106 3 view .LVU86
 302              		.loc 1 106 15 is_stmt 0 view .LVU87
 303 0000 0268     		ldr	r2, [r0]
 304              		.loc 1 106 5 view .LVU88
 305 0002 094B     		ldr	r3, .L24
 306 0004 9A42     		cmp	r2, r3
 307 0006 00D0     		beq	.L23
 308 0008 7047     		bx	lr
 309              	.L23:
 104:Src/adc.c     **** 
 310              		.loc 1 104 1 view .LVU89
ARM GAS  /tmp/cchdkUaA.s 			page 9


 311 000a 10B5     		push	{r4, lr}
 312              	.LCFI8:
 313              		.cfi_def_cfa_offset 8
 314              		.cfi_offset 4, -8
 315              		.cfi_offset 14, -4
 316 000c 0446     		mov	r4, r0
 107:Src/adc.c     ****   {
 108:Src/adc.c     ****   /* USER CODE BEGIN ADC1_MspDeInit 0 */
 109:Src/adc.c     **** 
 110:Src/adc.c     ****   /* USER CODE END ADC1_MspDeInit 0 */
 111:Src/adc.c     ****     /* Peripheral clock disable */
 112:Src/adc.c     ****     __HAL_RCC_ADC1_CLK_DISABLE();
 317              		.loc 1 112 5 is_stmt 1 view .LVU90
 318 000e 074A     		ldr	r2, .L24+4
 319 0010 9369     		ldr	r3, [r2, #24]
 320 0012 23F40073 		bic	r3, r3, #512
 321 0016 9361     		str	r3, [r2, #24]
 113:Src/adc.c     **** 
 114:Src/adc.c     ****     /**ADC1 GPIO Configuration
 115:Src/adc.c     ****     PA6     ------> ADC1_IN6
 116:Src/adc.c     ****     */
 117:Src/adc.c     ****     HAL_GPIO_DeInit(TEMP_PIN_GPIO_Port, TEMP_PIN_Pin);
 322              		.loc 1 117 5 view .LVU91
 323 0018 4021     		movs	r1, #64
 324 001a 0548     		ldr	r0, .L24+8
 325              	.LVL12:
 326              		.loc 1 117 5 is_stmt 0 view .LVU92
 327 001c FFF7FEFF 		bl	HAL_GPIO_DeInit
 328              	.LVL13:
 118:Src/adc.c     **** 
 119:Src/adc.c     ****     /* ADC1 DMA DeInit */
 120:Src/adc.c     ****     HAL_DMA_DeInit(adcHandle->DMA_Handle);
 329              		.loc 1 120 5 is_stmt 1 view .LVU93
 330 0020 206A     		ldr	r0, [r4, #32]
 331 0022 FFF7FEFF 		bl	HAL_DMA_DeInit
 332              	.LVL14:
 121:Src/adc.c     ****   /* USER CODE BEGIN ADC1_MspDeInit 1 */
 122:Src/adc.c     **** 
 123:Src/adc.c     ****   /* USER CODE END ADC1_MspDeInit 1 */
 124:Src/adc.c     ****   }
 125:Src/adc.c     **** }
 333              		.loc 1 125 1 is_stmt 0 view .LVU94
 334 0026 10BD     		pop	{r4, pc}
 335              	.LVL15:
 336              	.L25:
 337              		.loc 1 125 1 view .LVU95
 338              		.align	2
 339              	.L24:
 340 0028 00240140 		.word	1073816576
 341 002c 00100240 		.word	1073876992
 342 0030 00080140 		.word	1073809408
 343              		.cfi_endproc
 344              	.LFE70:
 346              		.comm	hdma_adc1,68,4
 347              		.comm	hadc1,48,4
 348              		.text
 349              	.Letext0:
ARM GAS  /tmp/cchdkUaA.s 			page 10


 350              		.file 2 "/usr/lib/gcc/arm-none-eabi/9.2.1/include/stdint.h"
 351              		.file 3 "Drivers/CMSIS/Include/core_cm3.h"
 352              		.file 4 "Drivers/CMSIS/Device/ST/STM32F1xx/Include/system_stm32f1xx.h"
 353              		.file 5 "Drivers/CMSIS/Device/ST/STM32F1xx/Include/stm32f103xb.h"
 354              		.file 6 "Drivers/CMSIS/Device/ST/STM32F1xx/Include/stm32f1xx.h"
 355              		.file 7 "Drivers/STM32F1xx_HAL_Driver/Inc/stm32f1xx_hal_def.h"
 356              		.file 8 "Drivers/STM32F1xx_HAL_Driver/Inc/stm32f1xx_hal_gpio.h"
 357              		.file 9 "Drivers/STM32F1xx_HAL_Driver/Inc/stm32f1xx_hal_dma.h"
 358              		.file 10 "Drivers/STM32F1xx_HAL_Driver/Inc/stm32f1xx_hal_adc.h"
 359              		.file 11 "Drivers/STM32F1xx_HAL_Driver/Inc/stm32f1xx_hal.h"
 360              		.file 12 "/usr/lib/gcc/arm-none-eabi/9.2.1/include/stddef.h"
 361              		.file 13 "/usr/include/newlib/sys/_types.h"
 362              		.file 14 "/usr/include/newlib/sys/reent.h"
 363              		.file 15 "/usr/include/newlib/sys/lock.h"
 364              		.file 16 "Inc/adc.h"
 365              		.file 17 "Inc/main.h"
ARM GAS  /tmp/cchdkUaA.s 			page 11


DEFINED SYMBOLS
                            *ABS*:0000000000000000 adc.c
     /tmp/cchdkUaA.s:16     .text.MX_ADC1_Init:0000000000000000 $t
     /tmp/cchdkUaA.s:24     .text.MX_ADC1_Init:0000000000000000 MX_ADC1_Init
     /tmp/cchdkUaA.s:120    .text.MX_ADC1_Init:0000000000000054 $d
                            *COM*:0000000000000030 hadc1
     /tmp/cchdkUaA.s:126    .text.HAL_ADC_MspInit:0000000000000000 $t
     /tmp/cchdkUaA.s:133    .text.HAL_ADC_MspInit:0000000000000000 HAL_ADC_MspInit
     /tmp/cchdkUaA.s:279    .text.HAL_ADC_MspInit:000000000000008c $d
                            *COM*:0000000000000044 hdma_adc1
     /tmp/cchdkUaA.s:287    .text.HAL_ADC_MspDeInit:0000000000000000 $t
     /tmp/cchdkUaA.s:294    .text.HAL_ADC_MspDeInit:0000000000000000 HAL_ADC_MspDeInit
     /tmp/cchdkUaA.s:340    .text.HAL_ADC_MspDeInit:0000000000000028 $d

UNDEFINED SYMBOLS
HAL_ADC_Init
HAL_ADC_ConfigChannel
Error_Handler
HAL_GPIO_Init
HAL_DMA_Init
HAL_GPIO_DeInit
HAL_DMA_DeInit
