ARM GAS  /tmp/ccCjPTTd.s 			page 1


   1              		.cpu cortex-m3
   2              		.eabi_attribute 20, 1
   3              		.eabi_attribute 21, 1
   4              		.eabi_attribute 23, 3
   5              		.eabi_attribute 24, 1
   6              		.eabi_attribute 25, 1
   7              		.eabi_attribute 26, 1
   8              		.eabi_attribute 30, 1
   9              		.eabi_attribute 34, 1
  10              		.eabi_attribute 18, 4
  11              		.file	"dma.c"
  12              		.text
  13              	.Ltext0:
  14              		.cfi_sections	.debug_frame
  15              		.section	.text.MX_DMA_Init,"ax",%progbits
  16              		.align	1
  17              		.global	MX_DMA_Init
  18              		.arch armv7-m
  19              		.syntax unified
  20              		.thumb
  21              		.thumb_func
  22              		.fpu softvfp
  24              	MX_DMA_Init:
  25              	.LFB68:
  26              		.file 1 "Src/dma.c"
   1:Src/dma.c     **** /**
   2:Src/dma.c     ****   ******************************************************************************
   3:Src/dma.c     ****   * File Name          : dma.c
   4:Src/dma.c     ****   * Description        : This file provides code for the configuration
   5:Src/dma.c     ****   *                      of all the requested memory to memory DMA transfers.
   6:Src/dma.c     ****   ******************************************************************************
   7:Src/dma.c     ****   * @attention
   8:Src/dma.c     ****   *
   9:Src/dma.c     ****   * <h2><center>&copy; Copyright (c) 2021 STMicroelectronics.
  10:Src/dma.c     ****   * All rights reserved.</center></h2>
  11:Src/dma.c     ****   *
  12:Src/dma.c     ****   * This software component is licensed by ST under BSD 3-Clause license,
  13:Src/dma.c     ****   * the "License"; You may not use this file except in compliance with the
  14:Src/dma.c     ****   * License. You may obtain a copy of the License at:
  15:Src/dma.c     ****   *                        opensource.org/licenses/BSD-3-Clause
  16:Src/dma.c     ****   *
  17:Src/dma.c     ****   ******************************************************************************
  18:Src/dma.c     ****   */
  19:Src/dma.c     **** 
  20:Src/dma.c     **** /* Includes ------------------------------------------------------------------*/
  21:Src/dma.c     **** #include "dma.h"
  22:Src/dma.c     **** 
  23:Src/dma.c     **** /* USER CODE BEGIN 0 */
  24:Src/dma.c     **** 
  25:Src/dma.c     **** /* USER CODE END 0 */
  26:Src/dma.c     **** 
  27:Src/dma.c     **** /*----------------------------------------------------------------------------*/
  28:Src/dma.c     **** /* Configure DMA                                                              */
  29:Src/dma.c     **** /*----------------------------------------------------------------------------*/
  30:Src/dma.c     **** 
  31:Src/dma.c     **** /* USER CODE BEGIN 1 */
  32:Src/dma.c     **** 
ARM GAS  /tmp/ccCjPTTd.s 			page 2


  33:Src/dma.c     **** /* USER CODE END 1 */
  34:Src/dma.c     **** 
  35:Src/dma.c     **** /**
  36:Src/dma.c     ****   * Enable DMA controller clock
  37:Src/dma.c     ****   */
  38:Src/dma.c     **** void MX_DMA_Init(void)
  39:Src/dma.c     **** {
  27              		.loc 1 39 1 view -0
  28              		.cfi_startproc
  29              		@ args = 0, pretend = 0, frame = 8
  30              		@ frame_needed = 0, uses_anonymous_args = 0
  31 0000 00B5     		push	{lr}
  32              	.LCFI0:
  33              		.cfi_def_cfa_offset 4
  34              		.cfi_offset 14, -4
  35 0002 83B0     		sub	sp, sp, #12
  36              	.LCFI1:
  37              		.cfi_def_cfa_offset 16
  40:Src/dma.c     **** 
  41:Src/dma.c     ****   /* DMA controller clock enable */
  42:Src/dma.c     ****   __HAL_RCC_DMA1_CLK_ENABLE();
  38              		.loc 1 42 3 view .LVU1
  39              	.LBB2:
  40              		.loc 1 42 3 view .LVU2
  41              		.loc 1 42 3 view .LVU3
  42 0004 0A4B     		ldr	r3, .L3
  43 0006 5A69     		ldr	r2, [r3, #20]
  44 0008 42F00102 		orr	r2, r2, #1
  45 000c 5A61     		str	r2, [r3, #20]
  46              		.loc 1 42 3 view .LVU4
  47 000e 5B69     		ldr	r3, [r3, #20]
  48 0010 03F00103 		and	r3, r3, #1
  49 0014 0193     		str	r3, [sp, #4]
  50              		.loc 1 42 3 view .LVU5
  51 0016 019B     		ldr	r3, [sp, #4]
  52              	.LBE2:
  43:Src/dma.c     **** 
  44:Src/dma.c     ****   /* DMA interrupt init */
  45:Src/dma.c     ****   /* DMA1_Channel1_IRQn interrupt configuration */
  46:Src/dma.c     ****   HAL_NVIC_SetPriority(DMA1_Channel1_IRQn, 0, 0);
  53              		.loc 1 46 3 view .LVU6
  54 0018 0022     		movs	r2, #0
  55 001a 1146     		mov	r1, r2
  56 001c 0B20     		movs	r0, #11
  57 001e FFF7FEFF 		bl	HAL_NVIC_SetPriority
  58              	.LVL0:
  47:Src/dma.c     ****   HAL_NVIC_EnableIRQ(DMA1_Channel1_IRQn);
  59              		.loc 1 47 3 view .LVU7
  60 0022 0B20     		movs	r0, #11
  61 0024 FFF7FEFF 		bl	HAL_NVIC_EnableIRQ
  62              	.LVL1:
  48:Src/dma.c     **** 
  49:Src/dma.c     **** }
  63              		.loc 1 49 1 is_stmt 0 view .LVU8
  64 0028 03B0     		add	sp, sp, #12
  65              	.LCFI2:
  66              		.cfi_def_cfa_offset 4
ARM GAS  /tmp/ccCjPTTd.s 			page 3


  67              		@ sp needed
  68 002a 5DF804FB 		ldr	pc, [sp], #4
  69              	.L4:
  70 002e 00BF     		.align	2
  71              	.L3:
  72 0030 00100240 		.word	1073876992
  73              		.cfi_endproc
  74              	.LFE68:
  76              		.text
  77              	.Letext0:
  78              		.file 2 "/usr/local/gcc-arm-none-eabi-8-2019-q3-update/arm-none-eabi/include/machine/_default_type
  79              		.file 3 "/usr/local/gcc-arm-none-eabi-8-2019-q3-update/arm-none-eabi/include/sys/_stdint.h"
  80              		.file 4 "Drivers/CMSIS/Include/core_cm3.h"
  81              		.file 5 "Drivers/CMSIS/Device/ST/STM32F1xx/Include/system_stm32f1xx.h"
  82              		.file 6 "Drivers/CMSIS/Device/ST/STM32F1xx/Include/stm32f103xb.h"
  83              		.file 7 "Drivers/STM32F1xx_HAL_Driver/Inc/stm32f1xx_hal.h"
  84              		.file 8 "/usr/local/gcc-arm-none-eabi-8-2019-q3-update/lib/gcc/arm-none-eabi/8.3.1/include/stddef.
  85              		.file 9 "/usr/local/gcc-arm-none-eabi-8-2019-q3-update/arm-none-eabi/include/sys/_types.h"
  86              		.file 10 "/usr/local/gcc-arm-none-eabi-8-2019-q3-update/arm-none-eabi/include/sys/reent.h"
  87              		.file 11 "/usr/local/gcc-arm-none-eabi-8-2019-q3-update/arm-none-eabi/include/sys/lock.h"
  88              		.file 12 "Drivers/STM32F1xx_HAL_Driver/Inc/stm32f1xx_hal_cortex.h"
ARM GAS  /tmp/ccCjPTTd.s 			page 4


DEFINED SYMBOLS
                            *ABS*:0000000000000000 dma.c
     /tmp/ccCjPTTd.s:16     .text.MX_DMA_Init:0000000000000000 $t
     /tmp/ccCjPTTd.s:24     .text.MX_DMA_Init:0000000000000000 MX_DMA_Init
     /tmp/ccCjPTTd.s:72     .text.MX_DMA_Init:0000000000000030 $d

UNDEFINED SYMBOLS
HAL_NVIC_SetPriority
HAL_NVIC_EnableIRQ
