ARM GAS  /tmp/ccZhAgv9.s 			page 1


   1              		.cpu cortex-m3
   2              		.eabi_attribute 20, 1
   3              		.eabi_attribute 21, 1
   4              		.eabi_attribute 23, 3
   5              		.eabi_attribute 24, 1
   6              		.eabi_attribute 25, 1
   7              		.eabi_attribute 26, 1
   8              		.eabi_attribute 30, 1
   9              		.eabi_attribute 34, 1
  10              		.eabi_attribute 18, 4
  11              		.file	"gpio.c"
  12              		.text
  13              	.Ltext0:
  14              		.cfi_sections	.debug_frame
  15              		.section	.text.MX_GPIO_Init,"ax",%progbits
  16              		.align	1
  17              		.global	MX_GPIO_Init
  18              		.arch armv7-m
  19              		.syntax unified
  20              		.thumb
  21              		.thumb_func
  22              		.fpu softvfp
  24              	MX_GPIO_Init:
  25              	.LFB68:
  26              		.file 1 "Src/gpio.c"
   1:Src/gpio.c    **** /**
   2:Src/gpio.c    ****   ******************************************************************************
   3:Src/gpio.c    ****   * File Name          : gpio.c
   4:Src/gpio.c    ****   * Description        : This file provides code for the configuration
   5:Src/gpio.c    ****   *                      of all used GPIO pins.
   6:Src/gpio.c    ****   ******************************************************************************
   7:Src/gpio.c    ****   * @attention
   8:Src/gpio.c    ****   *
   9:Src/gpio.c    ****   * <h2><center>&copy; Copyright (c) 2021 STMicroelectronics.
  10:Src/gpio.c    ****   * All rights reserved.</center></h2>
  11:Src/gpio.c    ****   *
  12:Src/gpio.c    ****   * This software component is licensed by ST under BSD 3-Clause license,
  13:Src/gpio.c    ****   * the "License"; You may not use this file except in compliance with the
  14:Src/gpio.c    ****   * License. You may obtain a copy of the License at:
  15:Src/gpio.c    ****   *                        opensource.org/licenses/BSD-3-Clause
  16:Src/gpio.c    ****   *
  17:Src/gpio.c    ****   ******************************************************************************
  18:Src/gpio.c    ****   */
  19:Src/gpio.c    **** 
  20:Src/gpio.c    **** /* Includes ------------------------------------------------------------------*/
  21:Src/gpio.c    **** #include "gpio.h"
  22:Src/gpio.c    **** /* USER CODE BEGIN 0 */
  23:Src/gpio.c    **** 
  24:Src/gpio.c    **** /* USER CODE END 0 */
  25:Src/gpio.c    **** 
  26:Src/gpio.c    **** /*----------------------------------------------------------------------------*/
  27:Src/gpio.c    **** /* Configure GPIO                                                             */
  28:Src/gpio.c    **** /*----------------------------------------------------------------------------*/
  29:Src/gpio.c    **** /* USER CODE BEGIN 1 */
  30:Src/gpio.c    **** 
  31:Src/gpio.c    **** /* USER CODE END 1 */
  32:Src/gpio.c    **** 
ARM GAS  /tmp/ccZhAgv9.s 			page 2


  33:Src/gpio.c    **** /** Configure pins as
  34:Src/gpio.c    ****         * Analog
  35:Src/gpio.c    ****         * Input
  36:Src/gpio.c    ****         * Output
  37:Src/gpio.c    ****         * EVENT_OUT
  38:Src/gpio.c    ****         * EXTI
  39:Src/gpio.c    **** */
  40:Src/gpio.c    **** void MX_GPIO_Init(void)
  41:Src/gpio.c    **** {
  27              		.loc 1 41 1 view -0
  28              		.cfi_startproc
  29              		@ args = 0, pretend = 0, frame = 32
  30              		@ frame_needed = 0, uses_anonymous_args = 0
  31 0000 2DE9F041 		push	{r4, r5, r6, r7, r8, lr}
  32              	.LCFI0:
  33              		.cfi_def_cfa_offset 24
  34              		.cfi_offset 4, -24
  35              		.cfi_offset 5, -20
  36              		.cfi_offset 6, -16
  37              		.cfi_offset 7, -12
  38              		.cfi_offset 8, -8
  39              		.cfi_offset 14, -4
  40 0004 88B0     		sub	sp, sp, #32
  41              	.LCFI1:
  42              		.cfi_def_cfa_offset 56
  42:Src/gpio.c    **** 
  43:Src/gpio.c    ****   GPIO_InitTypeDef GPIO_InitStruct = {0};
  43              		.loc 1 43 3 view .LVU1
  44              		.loc 1 43 20 is_stmt 0 view .LVU2
  45 0006 0024     		movs	r4, #0
  46 0008 0494     		str	r4, [sp, #16]
  47 000a 0594     		str	r4, [sp, #20]
  48 000c 0694     		str	r4, [sp, #24]
  49 000e 0794     		str	r4, [sp, #28]
  44:Src/gpio.c    **** 
  45:Src/gpio.c    ****   /* GPIO Ports Clock Enable */
  46:Src/gpio.c    ****   __HAL_RCC_GPIOC_CLK_ENABLE();
  50              		.loc 1 46 3 is_stmt 1 view .LVU3
  51              	.LBB2:
  52              		.loc 1 46 3 view .LVU4
  53              		.loc 1 46 3 view .LVU5
  54 0010 2D4B     		ldr	r3, .L3
  55 0012 9A69     		ldr	r2, [r3, #24]
  56 0014 42F01002 		orr	r2, r2, #16
  57 0018 9A61     		str	r2, [r3, #24]
  58              		.loc 1 46 3 view .LVU6
  59 001a 9A69     		ldr	r2, [r3, #24]
  60 001c 02F01002 		and	r2, r2, #16
  61 0020 0092     		str	r2, [sp]
  62              		.loc 1 46 3 view .LVU7
  63 0022 009A     		ldr	r2, [sp]
  64              	.LBE2:
  65              		.loc 1 46 3 view .LVU8
  47:Src/gpio.c    ****   __HAL_RCC_GPIOD_CLK_ENABLE();
  66              		.loc 1 47 3 view .LVU9
  67              	.LBB3:
  68              		.loc 1 47 3 view .LVU10
ARM GAS  /tmp/ccZhAgv9.s 			page 3


  69              		.loc 1 47 3 view .LVU11
  70 0024 9A69     		ldr	r2, [r3, #24]
  71 0026 42F02002 		orr	r2, r2, #32
  72 002a 9A61     		str	r2, [r3, #24]
  73              		.loc 1 47 3 view .LVU12
  74 002c 9A69     		ldr	r2, [r3, #24]
  75 002e 02F02002 		and	r2, r2, #32
  76 0032 0192     		str	r2, [sp, #4]
  77              		.loc 1 47 3 view .LVU13
  78 0034 019A     		ldr	r2, [sp, #4]
  79              	.LBE3:
  80              		.loc 1 47 3 view .LVU14
  48:Src/gpio.c    ****   __HAL_RCC_GPIOA_CLK_ENABLE();
  81              		.loc 1 48 3 view .LVU15
  82              	.LBB4:
  83              		.loc 1 48 3 view .LVU16
  84              		.loc 1 48 3 view .LVU17
  85 0036 9A69     		ldr	r2, [r3, #24]
  86 0038 42F00402 		orr	r2, r2, #4
  87 003c 9A61     		str	r2, [r3, #24]
  88              		.loc 1 48 3 view .LVU18
  89 003e 9A69     		ldr	r2, [r3, #24]
  90 0040 02F00402 		and	r2, r2, #4
  91 0044 0292     		str	r2, [sp, #8]
  92              		.loc 1 48 3 view .LVU19
  93 0046 029A     		ldr	r2, [sp, #8]
  94              	.LBE4:
  95              		.loc 1 48 3 view .LVU20
  49:Src/gpio.c    ****   __HAL_RCC_GPIOB_CLK_ENABLE();
  96              		.loc 1 49 3 view .LVU21
  97              	.LBB5:
  98              		.loc 1 49 3 view .LVU22
  99              		.loc 1 49 3 view .LVU23
 100 0048 9A69     		ldr	r2, [r3, #24]
 101 004a 42F00802 		orr	r2, r2, #8
 102 004e 9A61     		str	r2, [r3, #24]
 103              		.loc 1 49 3 view .LVU24
 104 0050 9B69     		ldr	r3, [r3, #24]
 105 0052 03F00803 		and	r3, r3, #8
 106 0056 0393     		str	r3, [sp, #12]
 107              		.loc 1 49 3 view .LVU25
 108 0058 039B     		ldr	r3, [sp, #12]
 109              	.LBE5:
 110              		.loc 1 49 3 view .LVU26
  50:Src/gpio.c    **** 
  51:Src/gpio.c    ****   /*Configure GPIO pin Output Level */
  52:Src/gpio.c    ****   HAL_GPIO_WritePin(LED_ON_BOARD_GPIO_Port, LED_ON_BOARD_Pin, GPIO_PIN_RESET);
 111              		.loc 1 52 3 view .LVU27
 112 005a DFF87880 		ldr	r8, .L3+12
 113 005e 2246     		mov	r2, r4
 114 0060 4FF40051 		mov	r1, #8192
 115 0064 4046     		mov	r0, r8
 116 0066 FFF7FEFF 		bl	HAL_GPIO_WritePin
 117              	.LVL0:
  53:Src/gpio.c    **** 
  54:Src/gpio.c    ****   /*Configure GPIO pin Output Level */
  55:Src/gpio.c    ****   HAL_GPIO_WritePin(GPIOA, LED0_Pin|LED1_Pin|LED2_Pin, GPIO_PIN_RESET);
ARM GAS  /tmp/ccZhAgv9.s 			page 4


 118              		.loc 1 55 3 view .LVU28
 119 006a 184F     		ldr	r7, .L3+4
 120 006c 2246     		mov	r2, r4
 121 006e 3821     		movs	r1, #56
 122 0070 3846     		mov	r0, r7
 123 0072 FFF7FEFF 		bl	HAL_GPIO_WritePin
 124              	.LVL1:
  56:Src/gpio.c    **** 
  57:Src/gpio.c    ****   /*Configure GPIO pin : PtPin */
  58:Src/gpio.c    ****   GPIO_InitStruct.Pin = LED_ON_BOARD_Pin;
 125              		.loc 1 58 3 view .LVU29
 126              		.loc 1 58 23 is_stmt 0 view .LVU30
 127 0076 4FF40053 		mov	r3, #8192
 128 007a 0493     		str	r3, [sp, #16]
  59:Src/gpio.c    ****   GPIO_InitStruct.Mode = GPIO_MODE_OUTPUT_PP;
 129              		.loc 1 59 3 is_stmt 1 view .LVU31
 130              		.loc 1 59 24 is_stmt 0 view .LVU32
 131 007c 0126     		movs	r6, #1
 132 007e 0596     		str	r6, [sp, #20]
  60:Src/gpio.c    ****   GPIO_InitStruct.Pull = GPIO_NOPULL;
 133              		.loc 1 60 3 is_stmt 1 view .LVU33
 134              		.loc 1 60 24 is_stmt 0 view .LVU34
 135 0080 0694     		str	r4, [sp, #24]
  61:Src/gpio.c    ****   GPIO_InitStruct.Speed = GPIO_SPEED_FREQ_LOW;
 136              		.loc 1 61 3 is_stmt 1 view .LVU35
 137              		.loc 1 61 25 is_stmt 0 view .LVU36
 138 0082 0225     		movs	r5, #2
 139 0084 0795     		str	r5, [sp, #28]
  62:Src/gpio.c    ****   HAL_GPIO_Init(LED_ON_BOARD_GPIO_Port, &GPIO_InitStruct);
 140              		.loc 1 62 3 is_stmt 1 view .LVU37
 141 0086 04A9     		add	r1, sp, #16
 142 0088 4046     		mov	r0, r8
 143 008a FFF7FEFF 		bl	HAL_GPIO_Init
 144              	.LVL2:
  63:Src/gpio.c    **** 
  64:Src/gpio.c    ****   /*Configure GPIO pins : PAPin PAPin PAPin */
  65:Src/gpio.c    ****   GPIO_InitStruct.Pin = LED0_Pin|LED1_Pin|LED2_Pin;
 145              		.loc 1 65 3 view .LVU38
 146              		.loc 1 65 23 is_stmt 0 view .LVU39
 147 008e 3823     		movs	r3, #56
 148 0090 0493     		str	r3, [sp, #16]
  66:Src/gpio.c    ****   GPIO_InitStruct.Mode = GPIO_MODE_OUTPUT_PP;
 149              		.loc 1 66 3 is_stmt 1 view .LVU40
 150              		.loc 1 66 24 is_stmt 0 view .LVU41
 151 0092 0596     		str	r6, [sp, #20]
  67:Src/gpio.c    ****   GPIO_InitStruct.Pull = GPIO_NOPULL;
 152              		.loc 1 67 3 is_stmt 1 view .LVU42
 153              		.loc 1 67 24 is_stmt 0 view .LVU43
 154 0094 0694     		str	r4, [sp, #24]
  68:Src/gpio.c    ****   GPIO_InitStruct.Speed = GPIO_SPEED_FREQ_LOW;
 155              		.loc 1 68 3 is_stmt 1 view .LVU44
 156              		.loc 1 68 25 is_stmt 0 view .LVU45
 157 0096 0795     		str	r5, [sp, #28]
  69:Src/gpio.c    ****   HAL_GPIO_Init(GPIOA, &GPIO_InitStruct);
 158              		.loc 1 69 3 is_stmt 1 view .LVU46
 159 0098 04A9     		add	r1, sp, #16
 160 009a 3846     		mov	r0, r7
ARM GAS  /tmp/ccZhAgv9.s 			page 5


 161 009c FFF7FEFF 		bl	HAL_GPIO_Init
 162              	.LVL3:
  70:Src/gpio.c    **** 
  71:Src/gpio.c    ****   /*Configure GPIO pin : PtPin */
  72:Src/gpio.c    ****   GPIO_InitStruct.Pin = MAIN_SWITCH_Pin;
 163              		.loc 1 72 3 view .LVU47
 164              		.loc 1 72 23 is_stmt 0 view .LVU48
 165 00a0 0496     		str	r6, [sp, #16]
  73:Src/gpio.c    ****   GPIO_InitStruct.Mode = GPIO_MODE_INPUT;
 166              		.loc 1 73 3 is_stmt 1 view .LVU49
 167              		.loc 1 73 24 is_stmt 0 view .LVU50
 168 00a2 0594     		str	r4, [sp, #20]
  74:Src/gpio.c    ****   GPIO_InitStruct.Pull = GPIO_PULLDOWN;
 169              		.loc 1 74 3 is_stmt 1 view .LVU51
 170              		.loc 1 74 24 is_stmt 0 view .LVU52
 171 00a4 0695     		str	r5, [sp, #24]
  75:Src/gpio.c    ****   HAL_GPIO_Init(MAIN_SWITCH_GPIO_Port, &GPIO_InitStruct);
 172              		.loc 1 75 3 is_stmt 1 view .LVU53
 173 00a6 0A4D     		ldr	r5, .L3+8
 174 00a8 04A9     		add	r1, sp, #16
 175 00aa 2846     		mov	r0, r5
 176 00ac FFF7FEFF 		bl	HAL_GPIO_Init
 177              	.LVL4:
  76:Src/gpio.c    **** 
  77:Src/gpio.c    ****   /*Configure GPIO pins : PBPin PBPin PBPin */
  78:Src/gpio.c    ****   GPIO_InitStruct.Pin = REMOTE_SWITCH_Pin|ON_SWITCH_Pin|OFF_SWITCH_Pin;
 178              		.loc 1 78 3 view .LVU54
 179              		.loc 1 78 23 is_stmt 0 view .LVU55
 180 00b0 40F60243 		movw	r3, #3074
 181 00b4 0493     		str	r3, [sp, #16]
  79:Src/gpio.c    ****   GPIO_InitStruct.Mode = GPIO_MODE_INPUT;
 182              		.loc 1 79 3 is_stmt 1 view .LVU56
 183              		.loc 1 79 24 is_stmt 0 view .LVU57
 184 00b6 0594     		str	r4, [sp, #20]
  80:Src/gpio.c    ****   GPIO_InitStruct.Pull = GPIO_NOPULL;
 185              		.loc 1 80 3 is_stmt 1 view .LVU58
 186              		.loc 1 80 24 is_stmt 0 view .LVU59
 187 00b8 0694     		str	r4, [sp, #24]
  81:Src/gpio.c    ****   HAL_GPIO_Init(GPIOB, &GPIO_InitStruct);
 188              		.loc 1 81 3 is_stmt 1 view .LVU60
 189 00ba 04A9     		add	r1, sp, #16
 190 00bc 2846     		mov	r0, r5
 191 00be FFF7FEFF 		bl	HAL_GPIO_Init
 192              	.LVL5:
  82:Src/gpio.c    **** 
  83:Src/gpio.c    **** }
 193              		.loc 1 83 1 is_stmt 0 view .LVU61
 194 00c2 08B0     		add	sp, sp, #32
 195              	.LCFI2:
 196              		.cfi_def_cfa_offset 24
 197              		@ sp needed
 198 00c4 BDE8F081 		pop	{r4, r5, r6, r7, r8, pc}
 199              	.L4:
 200              		.align	2
 201              	.L3:
 202 00c8 00100240 		.word	1073876992
 203 00cc 00080140 		.word	1073809408
ARM GAS  /tmp/ccZhAgv9.s 			page 6


 204 00d0 000C0140 		.word	1073810432
 205 00d4 00100140 		.word	1073811456
 206              		.cfi_endproc
 207              	.LFE68:
 209              		.text
 210              	.Letext0:
 211              		.file 2 "/usr/lib/gcc/arm-none-eabi/9.2.1/include/stdint.h"
 212              		.file 3 "Drivers/CMSIS/Include/core_cm3.h"
 213              		.file 4 "Drivers/CMSIS/Device/ST/STM32F1xx/Include/system_stm32f1xx.h"
 214              		.file 5 "Drivers/CMSIS/Device/ST/STM32F1xx/Include/stm32f103xb.h"
 215              		.file 6 "Drivers/STM32F1xx_HAL_Driver/Inc/stm32f1xx_hal_gpio.h"
 216              		.file 7 "Drivers/STM32F1xx_HAL_Driver/Inc/stm32f1xx_hal.h"
 217              		.file 8 "/usr/lib/gcc/arm-none-eabi/9.2.1/include/stddef.h"
 218              		.file 9 "/usr/include/newlib/sys/_types.h"
 219              		.file 10 "/usr/include/newlib/sys/reent.h"
 220              		.file 11 "/usr/include/newlib/sys/lock.h"
ARM GAS  /tmp/ccZhAgv9.s 			page 7


DEFINED SYMBOLS
                            *ABS*:0000000000000000 gpio.c
     /tmp/ccZhAgv9.s:16     .text.MX_GPIO_Init:0000000000000000 $t
     /tmp/ccZhAgv9.s:24     .text.MX_GPIO_Init:0000000000000000 MX_GPIO_Init
     /tmp/ccZhAgv9.s:202    .text.MX_GPIO_Init:00000000000000c8 $d

UNDEFINED SYMBOLS
HAL_GPIO_WritePin
HAL_GPIO_Init
