ARM GAS  /tmp/ccP58wps.s 			page 1


   1              		.cpu cortex-m3
   2              		.eabi_attribute 20, 1
   3              		.eabi_attribute 21, 1
   4              		.eabi_attribute 23, 3
   5              		.eabi_attribute 24, 1
   6              		.eabi_attribute 25, 1
   7              		.eabi_attribute 26, 1
   8              		.eabi_attribute 30, 1
   9              		.eabi_attribute 34, 1
  10              		.eabi_attribute 18, 4
  11              		.file	"stm32f1xx_it.c"
  12              		.text
  13              	.Ltext0:
  14              		.cfi_sections	.debug_frame
  15              		.section	.text.NMI_Handler,"ax",%progbits
  16              		.align	1
  17              		.global	NMI_Handler
  18              		.arch armv7-m
  19              		.syntax unified
  20              		.thumb
  21              		.thumb_func
  22              		.fpu softvfp
  24              	NMI_Handler:
  25              	.LFB68:
  26              		.file 1 "Src/stm32f1xx_it.c"
   1:Src/stm32f1xx_it.c **** /* USER CODE BEGIN Header */
   2:Src/stm32f1xx_it.c **** /**
   3:Src/stm32f1xx_it.c ****   ******************************************************************************
   4:Src/stm32f1xx_it.c ****   * @file    stm32f1xx_it.c
   5:Src/stm32f1xx_it.c ****   * @brief   Interrupt Service Routines.
   6:Src/stm32f1xx_it.c ****   ******************************************************************************
   7:Src/stm32f1xx_it.c ****   * @attention
   8:Src/stm32f1xx_it.c ****   *
   9:Src/stm32f1xx_it.c ****   * <h2><center>&copy; Copyright (c) 2021 STMicroelectronics.
  10:Src/stm32f1xx_it.c ****   * All rights reserved.</center></h2>
  11:Src/stm32f1xx_it.c ****   *
  12:Src/stm32f1xx_it.c ****   * This software component is licensed by ST under BSD 3-Clause license,
  13:Src/stm32f1xx_it.c ****   * the "License"; You may not use this file except in compliance with the
  14:Src/stm32f1xx_it.c ****   * License. You may obtain a copy of the License at:
  15:Src/stm32f1xx_it.c ****   *                        opensource.org/licenses/BSD-3-Clause
  16:Src/stm32f1xx_it.c ****   *
  17:Src/stm32f1xx_it.c ****   ******************************************************************************
  18:Src/stm32f1xx_it.c ****   */
  19:Src/stm32f1xx_it.c **** /* USER CODE END Header */
  20:Src/stm32f1xx_it.c **** 
  21:Src/stm32f1xx_it.c **** /* Includes ------------------------------------------------------------------*/
  22:Src/stm32f1xx_it.c **** #include "main.h"
  23:Src/stm32f1xx_it.c **** #include "stm32f1xx_it.h"
  24:Src/stm32f1xx_it.c **** /* Private includes ----------------------------------------------------------*/
  25:Src/stm32f1xx_it.c **** /* USER CODE BEGIN Includes */
  26:Src/stm32f1xx_it.c **** /* USER CODE END Includes */
  27:Src/stm32f1xx_it.c **** 
  28:Src/stm32f1xx_it.c **** /* Private typedef -----------------------------------------------------------*/
  29:Src/stm32f1xx_it.c **** /* USER CODE BEGIN TD */
  30:Src/stm32f1xx_it.c **** 
  31:Src/stm32f1xx_it.c **** /* USER CODE END TD */
  32:Src/stm32f1xx_it.c **** 
ARM GAS  /tmp/ccP58wps.s 			page 2


  33:Src/stm32f1xx_it.c **** /* Private define ------------------------------------------------------------*/
  34:Src/stm32f1xx_it.c **** /* USER CODE BEGIN PD */
  35:Src/stm32f1xx_it.c **** 
  36:Src/stm32f1xx_it.c **** /* USER CODE END PD */
  37:Src/stm32f1xx_it.c **** 
  38:Src/stm32f1xx_it.c **** /* Private macro -------------------------------------------------------------*/
  39:Src/stm32f1xx_it.c **** /* USER CODE BEGIN PM */
  40:Src/stm32f1xx_it.c **** 
  41:Src/stm32f1xx_it.c **** /* USER CODE END PM */
  42:Src/stm32f1xx_it.c **** 
  43:Src/stm32f1xx_it.c **** /* Private variables ---------------------------------------------------------*/
  44:Src/stm32f1xx_it.c **** /* USER CODE BEGIN PV */
  45:Src/stm32f1xx_it.c **** 
  46:Src/stm32f1xx_it.c **** /* USER CODE END PV */
  47:Src/stm32f1xx_it.c **** 
  48:Src/stm32f1xx_it.c **** /* Private function prototypes -----------------------------------------------*/
  49:Src/stm32f1xx_it.c **** /* USER CODE BEGIN PFP */
  50:Src/stm32f1xx_it.c **** 
  51:Src/stm32f1xx_it.c **** /* USER CODE END PFP */
  52:Src/stm32f1xx_it.c **** 
  53:Src/stm32f1xx_it.c **** /* Private user code ---------------------------------------------------------*/
  54:Src/stm32f1xx_it.c **** /* USER CODE BEGIN 0 */
  55:Src/stm32f1xx_it.c **** 
  56:Src/stm32f1xx_it.c **** /* USER CODE END 0 */
  57:Src/stm32f1xx_it.c **** 
  58:Src/stm32f1xx_it.c **** /* External variables --------------------------------------------------------*/
  59:Src/stm32f1xx_it.c **** extern DMA_HandleTypeDef hdma_adc1;
  60:Src/stm32f1xx_it.c **** extern TIM_HandleTypeDef htim3;
  61:Src/stm32f1xx_it.c **** extern TIM_HandleTypeDef htim4;
  62:Src/stm32f1xx_it.c **** extern UART_HandleTypeDef huart1;
  63:Src/stm32f1xx_it.c **** /* USER CODE BEGIN EV */
  64:Src/stm32f1xx_it.c **** 
  65:Src/stm32f1xx_it.c **** /* USER CODE END EV */
  66:Src/stm32f1xx_it.c **** 
  67:Src/stm32f1xx_it.c **** /******************************************************************************/
  68:Src/stm32f1xx_it.c **** /*           Cortex-M3 Processor Interruption and Exception Handlers          */
  69:Src/stm32f1xx_it.c **** /******************************************************************************/
  70:Src/stm32f1xx_it.c **** /**
  71:Src/stm32f1xx_it.c ****   * @brief This function handles Non maskable interrupt.
  72:Src/stm32f1xx_it.c ****   */
  73:Src/stm32f1xx_it.c **** void NMI_Handler(void)
  74:Src/stm32f1xx_it.c **** {
  27              		.loc 1 74 1 view -0
  28              		.cfi_startproc
  29              		@ args = 0, pretend = 0, frame = 0
  30              		@ frame_needed = 0, uses_anonymous_args = 0
  31              		@ link register save eliminated.
  75:Src/stm32f1xx_it.c ****   /* USER CODE BEGIN NonMaskableInt_IRQn 0 */
  76:Src/stm32f1xx_it.c **** 
  77:Src/stm32f1xx_it.c ****   /* USER CODE END NonMaskableInt_IRQn 0 */
  78:Src/stm32f1xx_it.c ****   /* USER CODE BEGIN NonMaskableInt_IRQn 1 */
  79:Src/stm32f1xx_it.c **** 
  80:Src/stm32f1xx_it.c ****   /* USER CODE END NonMaskableInt_IRQn 1 */
  81:Src/stm32f1xx_it.c **** }
  32              		.loc 1 81 1 view .LVU1
  33 0000 7047     		bx	lr
  34              		.cfi_endproc
ARM GAS  /tmp/ccP58wps.s 			page 3


  35              	.LFE68:
  37              		.section	.text.HardFault_Handler,"ax",%progbits
  38              		.align	1
  39              		.global	HardFault_Handler
  40              		.syntax unified
  41              		.thumb
  42              		.thumb_func
  43              		.fpu softvfp
  45              	HardFault_Handler:
  46              	.LFB69:
  82:Src/stm32f1xx_it.c **** 
  83:Src/stm32f1xx_it.c **** /**
  84:Src/stm32f1xx_it.c ****   * @brief This function handles Hard fault interrupt.
  85:Src/stm32f1xx_it.c ****   */
  86:Src/stm32f1xx_it.c **** void HardFault_Handler(void)
  87:Src/stm32f1xx_it.c **** {
  47              		.loc 1 87 1 view -0
  48              		.cfi_startproc
  49              		@ Volatile: function does not return.
  50              		@ args = 0, pretend = 0, frame = 0
  51              		@ frame_needed = 0, uses_anonymous_args = 0
  52              		@ link register save eliminated.
  53              	.L3:
  88:Src/stm32f1xx_it.c ****   /* USER CODE BEGIN HardFault_IRQn 0 */
  89:Src/stm32f1xx_it.c **** 
  90:Src/stm32f1xx_it.c ****   /* USER CODE END HardFault_IRQn 0 */
  91:Src/stm32f1xx_it.c ****   while (1)
  54              		.loc 1 91 3 discriminator 1 view .LVU3
  92:Src/stm32f1xx_it.c ****   {
  93:Src/stm32f1xx_it.c ****     /* USER CODE BEGIN W1_HardFault_IRQn 0 */
  94:Src/stm32f1xx_it.c ****     /* USER CODE END W1_HardFault_IRQn 0 */
  95:Src/stm32f1xx_it.c ****   }
  55              		.loc 1 95 3 discriminator 1 view .LVU4
  91:Src/stm32f1xx_it.c ****   {
  56              		.loc 1 91 9 discriminator 1 view .LVU5
  57 0000 FEE7     		b	.L3
  58              		.cfi_endproc
  59              	.LFE69:
  61              		.section	.text.MemManage_Handler,"ax",%progbits
  62              		.align	1
  63              		.global	MemManage_Handler
  64              		.syntax unified
  65              		.thumb
  66              		.thumb_func
  67              		.fpu softvfp
  69              	MemManage_Handler:
  70              	.LFB70:
  96:Src/stm32f1xx_it.c **** }
  97:Src/stm32f1xx_it.c **** 
  98:Src/stm32f1xx_it.c **** /**
  99:Src/stm32f1xx_it.c ****   * @brief This function handles Memory management fault.
 100:Src/stm32f1xx_it.c ****   */
 101:Src/stm32f1xx_it.c **** void MemManage_Handler(void)
 102:Src/stm32f1xx_it.c **** {
  71              		.loc 1 102 1 view -0
  72              		.cfi_startproc
  73              		@ Volatile: function does not return.
ARM GAS  /tmp/ccP58wps.s 			page 4


  74              		@ args = 0, pretend = 0, frame = 0
  75              		@ frame_needed = 0, uses_anonymous_args = 0
  76              		@ link register save eliminated.
  77              	.L5:
 103:Src/stm32f1xx_it.c ****   /* USER CODE BEGIN MemoryManagement_IRQn 0 */
 104:Src/stm32f1xx_it.c **** 
 105:Src/stm32f1xx_it.c ****   /* USER CODE END MemoryManagement_IRQn 0 */
 106:Src/stm32f1xx_it.c ****   while (1)
  78              		.loc 1 106 3 discriminator 1 view .LVU7
 107:Src/stm32f1xx_it.c ****   {
 108:Src/stm32f1xx_it.c ****     /* USER CODE BEGIN W1_MemoryManagement_IRQn 0 */
 109:Src/stm32f1xx_it.c ****     /* USER CODE END W1_MemoryManagement_IRQn 0 */
 110:Src/stm32f1xx_it.c ****   }
  79              		.loc 1 110 3 discriminator 1 view .LVU8
 106:Src/stm32f1xx_it.c ****   {
  80              		.loc 1 106 9 discriminator 1 view .LVU9
  81 0000 FEE7     		b	.L5
  82              		.cfi_endproc
  83              	.LFE70:
  85              		.section	.text.BusFault_Handler,"ax",%progbits
  86              		.align	1
  87              		.global	BusFault_Handler
  88              		.syntax unified
  89              		.thumb
  90              		.thumb_func
  91              		.fpu softvfp
  93              	BusFault_Handler:
  94              	.LFB71:
 111:Src/stm32f1xx_it.c **** }
 112:Src/stm32f1xx_it.c **** 
 113:Src/stm32f1xx_it.c **** /**
 114:Src/stm32f1xx_it.c ****   * @brief This function handles Prefetch fault, memory access fault.
 115:Src/stm32f1xx_it.c ****   */
 116:Src/stm32f1xx_it.c **** void BusFault_Handler(void)
 117:Src/stm32f1xx_it.c **** {
  95              		.loc 1 117 1 view -0
  96              		.cfi_startproc
  97              		@ Volatile: function does not return.
  98              		@ args = 0, pretend = 0, frame = 0
  99              		@ frame_needed = 0, uses_anonymous_args = 0
 100              		@ link register save eliminated.
 101              	.L7:
 118:Src/stm32f1xx_it.c ****   /* USER CODE BEGIN BusFault_IRQn 0 */
 119:Src/stm32f1xx_it.c **** 
 120:Src/stm32f1xx_it.c ****   /* USER CODE END BusFault_IRQn 0 */
 121:Src/stm32f1xx_it.c ****   while (1)
 102              		.loc 1 121 3 discriminator 1 view .LVU11
 122:Src/stm32f1xx_it.c ****   {
 123:Src/stm32f1xx_it.c ****     /* USER CODE BEGIN W1_BusFault_IRQn 0 */
 124:Src/stm32f1xx_it.c ****     /* USER CODE END W1_BusFault_IRQn 0 */
 125:Src/stm32f1xx_it.c ****   }
 103              		.loc 1 125 3 discriminator 1 view .LVU12
 121:Src/stm32f1xx_it.c ****   {
 104              		.loc 1 121 9 discriminator 1 view .LVU13
 105 0000 FEE7     		b	.L7
 106              		.cfi_endproc
 107              	.LFE71:
ARM GAS  /tmp/ccP58wps.s 			page 5


 109              		.section	.text.UsageFault_Handler,"ax",%progbits
 110              		.align	1
 111              		.global	UsageFault_Handler
 112              		.syntax unified
 113              		.thumb
 114              		.thumb_func
 115              		.fpu softvfp
 117              	UsageFault_Handler:
 118              	.LFB72:
 126:Src/stm32f1xx_it.c **** }
 127:Src/stm32f1xx_it.c **** 
 128:Src/stm32f1xx_it.c **** /**
 129:Src/stm32f1xx_it.c ****   * @brief This function handles Undefined instruction or illegal state.
 130:Src/stm32f1xx_it.c ****   */
 131:Src/stm32f1xx_it.c **** void UsageFault_Handler(void)
 132:Src/stm32f1xx_it.c **** {
 119              		.loc 1 132 1 view -0
 120              		.cfi_startproc
 121              		@ Volatile: function does not return.
 122              		@ args = 0, pretend = 0, frame = 0
 123              		@ frame_needed = 0, uses_anonymous_args = 0
 124              		@ link register save eliminated.
 125              	.L9:
 133:Src/stm32f1xx_it.c ****   /* USER CODE BEGIN UsageFault_IRQn 0 */
 134:Src/stm32f1xx_it.c **** 
 135:Src/stm32f1xx_it.c ****   /* USER CODE END UsageFault_IRQn 0 */
 136:Src/stm32f1xx_it.c ****   while (1)
 126              		.loc 1 136 3 discriminator 1 view .LVU15
 137:Src/stm32f1xx_it.c ****   {
 138:Src/stm32f1xx_it.c ****     /* USER CODE BEGIN W1_UsageFault_IRQn 0 */
 139:Src/stm32f1xx_it.c ****     /* USER CODE END W1_UsageFault_IRQn 0 */
 140:Src/stm32f1xx_it.c ****   }
 127              		.loc 1 140 3 discriminator 1 view .LVU16
 136:Src/stm32f1xx_it.c ****   {
 128              		.loc 1 136 9 discriminator 1 view .LVU17
 129 0000 FEE7     		b	.L9
 130              		.cfi_endproc
 131              	.LFE72:
 133              		.section	.text.SVC_Handler,"ax",%progbits
 134              		.align	1
 135              		.global	SVC_Handler
 136              		.syntax unified
 137              		.thumb
 138              		.thumb_func
 139              		.fpu softvfp
 141              	SVC_Handler:
 142              	.LFB73:
 141:Src/stm32f1xx_it.c **** }
 142:Src/stm32f1xx_it.c **** 
 143:Src/stm32f1xx_it.c **** /**
 144:Src/stm32f1xx_it.c ****   * @brief This function handles System service call via SWI instruction.
 145:Src/stm32f1xx_it.c ****   */
 146:Src/stm32f1xx_it.c **** void SVC_Handler(void)
 147:Src/stm32f1xx_it.c **** {
 143              		.loc 1 147 1 view -0
 144              		.cfi_startproc
 145              		@ args = 0, pretend = 0, frame = 0
ARM GAS  /tmp/ccP58wps.s 			page 6


 146              		@ frame_needed = 0, uses_anonymous_args = 0
 147              		@ link register save eliminated.
 148:Src/stm32f1xx_it.c ****   /* USER CODE BEGIN SVCall_IRQn 0 */
 149:Src/stm32f1xx_it.c **** 
 150:Src/stm32f1xx_it.c ****   /* USER CODE END SVCall_IRQn 0 */
 151:Src/stm32f1xx_it.c ****   /* USER CODE BEGIN SVCall_IRQn 1 */
 152:Src/stm32f1xx_it.c **** 
 153:Src/stm32f1xx_it.c ****   /* USER CODE END SVCall_IRQn 1 */
 154:Src/stm32f1xx_it.c **** }
 148              		.loc 1 154 1 view .LVU19
 149 0000 7047     		bx	lr
 150              		.cfi_endproc
 151              	.LFE73:
 153              		.section	.text.DebugMon_Handler,"ax",%progbits
 154              		.align	1
 155              		.global	DebugMon_Handler
 156              		.syntax unified
 157              		.thumb
 158              		.thumb_func
 159              		.fpu softvfp
 161              	DebugMon_Handler:
 162              	.LFB74:
 155:Src/stm32f1xx_it.c **** 
 156:Src/stm32f1xx_it.c **** /**
 157:Src/stm32f1xx_it.c ****   * @brief This function handles Debug monitor.
 158:Src/stm32f1xx_it.c ****   */
 159:Src/stm32f1xx_it.c **** void DebugMon_Handler(void)
 160:Src/stm32f1xx_it.c **** {
 163              		.loc 1 160 1 view -0
 164              		.cfi_startproc
 165              		@ args = 0, pretend = 0, frame = 0
 166              		@ frame_needed = 0, uses_anonymous_args = 0
 167              		@ link register save eliminated.
 161:Src/stm32f1xx_it.c ****   /* USER CODE BEGIN DebugMonitor_IRQn 0 */
 162:Src/stm32f1xx_it.c **** 
 163:Src/stm32f1xx_it.c ****   /* USER CODE END DebugMonitor_IRQn 0 */
 164:Src/stm32f1xx_it.c ****   /* USER CODE BEGIN DebugMonitor_IRQn 1 */
 165:Src/stm32f1xx_it.c **** 
 166:Src/stm32f1xx_it.c ****   /* USER CODE END DebugMonitor_IRQn 1 */
 167:Src/stm32f1xx_it.c **** }
 168              		.loc 1 167 1 view .LVU21
 169 0000 7047     		bx	lr
 170              		.cfi_endproc
 171              	.LFE74:
 173              		.section	.text.PendSV_Handler,"ax",%progbits
 174              		.align	1
 175              		.global	PendSV_Handler
 176              		.syntax unified
 177              		.thumb
 178              		.thumb_func
 179              		.fpu softvfp
 181              	PendSV_Handler:
 182              	.LFB75:
 168:Src/stm32f1xx_it.c **** 
 169:Src/stm32f1xx_it.c **** /**
 170:Src/stm32f1xx_it.c ****   * @brief This function handles Pendable request for system service.
 171:Src/stm32f1xx_it.c ****   */
ARM GAS  /tmp/ccP58wps.s 			page 7


 172:Src/stm32f1xx_it.c **** void PendSV_Handler(void)
 173:Src/stm32f1xx_it.c **** {
 183              		.loc 1 173 1 view -0
 184              		.cfi_startproc
 185              		@ args = 0, pretend = 0, frame = 0
 186              		@ frame_needed = 0, uses_anonymous_args = 0
 187              		@ link register save eliminated.
 174:Src/stm32f1xx_it.c ****   /* USER CODE BEGIN PendSV_IRQn 0 */
 175:Src/stm32f1xx_it.c **** 
 176:Src/stm32f1xx_it.c ****   /* USER CODE END PendSV_IRQn 0 */
 177:Src/stm32f1xx_it.c ****   /* USER CODE BEGIN PendSV_IRQn 1 */
 178:Src/stm32f1xx_it.c **** 
 179:Src/stm32f1xx_it.c ****   /* USER CODE END PendSV_IRQn 1 */
 180:Src/stm32f1xx_it.c **** }
 188              		.loc 1 180 1 view .LVU23
 189 0000 7047     		bx	lr
 190              		.cfi_endproc
 191              	.LFE75:
 193              		.section	.text.SysTick_Handler,"ax",%progbits
 194              		.align	1
 195              		.global	SysTick_Handler
 196              		.syntax unified
 197              		.thumb
 198              		.thumb_func
 199              		.fpu softvfp
 201              	SysTick_Handler:
 202              	.LFB76:
 181:Src/stm32f1xx_it.c **** 
 182:Src/stm32f1xx_it.c **** /**
 183:Src/stm32f1xx_it.c ****   * @brief This function handles System tick timer.
 184:Src/stm32f1xx_it.c ****   */
 185:Src/stm32f1xx_it.c **** void SysTick_Handler(void)
 186:Src/stm32f1xx_it.c **** {
 203              		.loc 1 186 1 view -0
 204              		.cfi_startproc
 205              		@ args = 0, pretend = 0, frame = 0
 206              		@ frame_needed = 0, uses_anonymous_args = 0
 207 0000 08B5     		push	{r3, lr}
 208              	.LCFI0:
 209              		.cfi_def_cfa_offset 8
 210              		.cfi_offset 3, -8
 211              		.cfi_offset 14, -4
 187:Src/stm32f1xx_it.c ****   /* USER CODE BEGIN SysTick_IRQn 0 */
 188:Src/stm32f1xx_it.c **** 
 189:Src/stm32f1xx_it.c ****   /* USER CODE END SysTick_IRQn 0 */
 190:Src/stm32f1xx_it.c ****   HAL_IncTick();
 212              		.loc 1 190 3 view .LVU25
 213 0002 FFF7FEFF 		bl	HAL_IncTick
 214              	.LVL0:
 191:Src/stm32f1xx_it.c ****   /* USER CODE BEGIN SysTick_IRQn 1 */
 192:Src/stm32f1xx_it.c **** 
 193:Src/stm32f1xx_it.c ****   /* USER CODE END SysTick_IRQn 1 */
 194:Src/stm32f1xx_it.c **** }
 215              		.loc 1 194 1 is_stmt 0 view .LVU26
 216 0006 08BD     		pop	{r3, pc}
 217              		.cfi_endproc
 218              	.LFE76:
ARM GAS  /tmp/ccP58wps.s 			page 8


 220              		.section	.text.DMA1_Channel1_IRQHandler,"ax",%progbits
 221              		.align	1
 222              		.global	DMA1_Channel1_IRQHandler
 223              		.syntax unified
 224              		.thumb
 225              		.thumb_func
 226              		.fpu softvfp
 228              	DMA1_Channel1_IRQHandler:
 229              	.LFB77:
 195:Src/stm32f1xx_it.c **** 
 196:Src/stm32f1xx_it.c **** /******************************************************************************/
 197:Src/stm32f1xx_it.c **** /* STM32F1xx Peripheral Interrupt Handlers                                    */
 198:Src/stm32f1xx_it.c **** /* Add here the Interrupt Handlers for the used peripherals.                  */
 199:Src/stm32f1xx_it.c **** /* For the available peripheral interrupt handler names,                      */
 200:Src/stm32f1xx_it.c **** /* please refer to the startup file (startup_stm32f1xx.s).                    */
 201:Src/stm32f1xx_it.c **** /******************************************************************************/
 202:Src/stm32f1xx_it.c **** 
 203:Src/stm32f1xx_it.c **** /**
 204:Src/stm32f1xx_it.c ****   * @brief This function handles DMA1 channel1 global interrupt.
 205:Src/stm32f1xx_it.c ****   */
 206:Src/stm32f1xx_it.c **** void DMA1_Channel1_IRQHandler(void)
 207:Src/stm32f1xx_it.c **** {
 230              		.loc 1 207 1 is_stmt 1 view -0
 231              		.cfi_startproc
 232              		@ args = 0, pretend = 0, frame = 0
 233              		@ frame_needed = 0, uses_anonymous_args = 0
 234 0000 08B5     		push	{r3, lr}
 235              	.LCFI1:
 236              		.cfi_def_cfa_offset 8
 237              		.cfi_offset 3, -8
 238              		.cfi_offset 14, -4
 208:Src/stm32f1xx_it.c ****   /* USER CODE BEGIN DMA1_Channel1_IRQn 0 */
 209:Src/stm32f1xx_it.c **** 
 210:Src/stm32f1xx_it.c ****   /* USER CODE END DMA1_Channel1_IRQn 0 */
 211:Src/stm32f1xx_it.c ****   HAL_DMA_IRQHandler(&hdma_adc1);
 239              		.loc 1 211 3 view .LVU28
 240 0002 0248     		ldr	r0, .L17
 241 0004 FFF7FEFF 		bl	HAL_DMA_IRQHandler
 242              	.LVL1:
 212:Src/stm32f1xx_it.c ****   /* USER CODE BEGIN DMA1_Channel1_IRQn 1 */
 213:Src/stm32f1xx_it.c **** 
 214:Src/stm32f1xx_it.c ****   /* USER CODE END DMA1_Channel1_IRQn 1 */
 215:Src/stm32f1xx_it.c **** }
 243              		.loc 1 215 1 is_stmt 0 view .LVU29
 244 0008 08BD     		pop	{r3, pc}
 245              	.L18:
 246 000a 00BF     		.align	2
 247              	.L17:
 248 000c 00000000 		.word	hdma_adc1
 249              		.cfi_endproc
 250              	.LFE77:
 252              		.section	.text.TIM3_IRQHandler,"ax",%progbits
 253              		.align	1
 254              		.global	TIM3_IRQHandler
 255              		.syntax unified
 256              		.thumb
 257              		.thumb_func
ARM GAS  /tmp/ccP58wps.s 			page 9


 258              		.fpu softvfp
 260              	TIM3_IRQHandler:
 261              	.LFB78:
 216:Src/stm32f1xx_it.c **** 
 217:Src/stm32f1xx_it.c **** /**
 218:Src/stm32f1xx_it.c ****   * @brief This function handles TIM3 global interrupt.
 219:Src/stm32f1xx_it.c ****   */
 220:Src/stm32f1xx_it.c **** void TIM3_IRQHandler(void)
 221:Src/stm32f1xx_it.c **** {
 262              		.loc 1 221 1 is_stmt 1 view -0
 263              		.cfi_startproc
 264              		@ args = 0, pretend = 0, frame = 0
 265              		@ frame_needed = 0, uses_anonymous_args = 0
 266 0000 08B5     		push	{r3, lr}
 267              	.LCFI2:
 268              		.cfi_def_cfa_offset 8
 269              		.cfi_offset 3, -8
 270              		.cfi_offset 14, -4
 222:Src/stm32f1xx_it.c ****   /* USER CODE BEGIN TIM3_IRQn 0 */
 223:Src/stm32f1xx_it.c **** 
 224:Src/stm32f1xx_it.c ****   /* USER CODE END TIM3_IRQn 0 */
 225:Src/stm32f1xx_it.c ****   HAL_TIM_IRQHandler(&htim3);
 271              		.loc 1 225 3 view .LVU31
 272 0002 0248     		ldr	r0, .L21
 273 0004 FFF7FEFF 		bl	HAL_TIM_IRQHandler
 274              	.LVL2:
 226:Src/stm32f1xx_it.c ****   /* USER CODE BEGIN TIM3_IRQn 1 */
 227:Src/stm32f1xx_it.c **** 
 228:Src/stm32f1xx_it.c ****   /* USER CODE END TIM3_IRQn 1 */
 229:Src/stm32f1xx_it.c **** }
 275              		.loc 1 229 1 is_stmt 0 view .LVU32
 276 0008 08BD     		pop	{r3, pc}
 277              	.L22:
 278 000a 00BF     		.align	2
 279              	.L21:
 280 000c 00000000 		.word	htim3
 281              		.cfi_endproc
 282              	.LFE78:
 284              		.section	.text.TIM4_IRQHandler,"ax",%progbits
 285              		.align	1
 286              		.global	TIM4_IRQHandler
 287              		.syntax unified
 288              		.thumb
 289              		.thumb_func
 290              		.fpu softvfp
 292              	TIM4_IRQHandler:
 293              	.LFB79:
 230:Src/stm32f1xx_it.c **** 
 231:Src/stm32f1xx_it.c **** /**
 232:Src/stm32f1xx_it.c ****   * @brief This function handles TIM4 global interrupt.
 233:Src/stm32f1xx_it.c ****   */
 234:Src/stm32f1xx_it.c **** void TIM4_IRQHandler(void)
 235:Src/stm32f1xx_it.c **** {
 294              		.loc 1 235 1 is_stmt 1 view -0
 295              		.cfi_startproc
 296              		@ args = 0, pretend = 0, frame = 0
 297              		@ frame_needed = 0, uses_anonymous_args = 0
ARM GAS  /tmp/ccP58wps.s 			page 10


 298 0000 08B5     		push	{r3, lr}
 299              	.LCFI3:
 300              		.cfi_def_cfa_offset 8
 301              		.cfi_offset 3, -8
 302              		.cfi_offset 14, -4
 236:Src/stm32f1xx_it.c ****   /* USER CODE BEGIN TIM4_IRQn 0 */
 237:Src/stm32f1xx_it.c **** 
 238:Src/stm32f1xx_it.c ****   /* USER CODE END TIM4_IRQn 0 */
 239:Src/stm32f1xx_it.c ****   HAL_TIM_IRQHandler(&htim4);
 303              		.loc 1 239 3 view .LVU34
 304 0002 0248     		ldr	r0, .L25
 305 0004 FFF7FEFF 		bl	HAL_TIM_IRQHandler
 306              	.LVL3:
 240:Src/stm32f1xx_it.c ****   /* USER CODE BEGIN TIM4_IRQn 1 */
 241:Src/stm32f1xx_it.c **** 
 242:Src/stm32f1xx_it.c ****   /* USER CODE END TIM4_IRQn 1 */
 243:Src/stm32f1xx_it.c **** }
 307              		.loc 1 243 1 is_stmt 0 view .LVU35
 308 0008 08BD     		pop	{r3, pc}
 309              	.L26:
 310 000a 00BF     		.align	2
 311              	.L25:
 312 000c 00000000 		.word	htim4
 313              		.cfi_endproc
 314              	.LFE79:
 316              		.section	.text.USART1_IRQHandler,"ax",%progbits
 317              		.align	1
 318              		.global	USART1_IRQHandler
 319              		.syntax unified
 320              		.thumb
 321              		.thumb_func
 322              		.fpu softvfp
 324              	USART1_IRQHandler:
 325              	.LFB80:
 244:Src/stm32f1xx_it.c **** 
 245:Src/stm32f1xx_it.c **** /**
 246:Src/stm32f1xx_it.c ****   * @brief This function handles USART1 global interrupt.
 247:Src/stm32f1xx_it.c ****   */
 248:Src/stm32f1xx_it.c **** void USART1_IRQHandler(void)
 249:Src/stm32f1xx_it.c **** {
 326              		.loc 1 249 1 is_stmt 1 view -0
 327              		.cfi_startproc
 328              		@ args = 0, pretend = 0, frame = 0
 329              		@ frame_needed = 0, uses_anonymous_args = 0
 330 0000 08B5     		push	{r3, lr}
 331              	.LCFI4:
 332              		.cfi_def_cfa_offset 8
 333              		.cfi_offset 3, -8
 334              		.cfi_offset 14, -4
 250:Src/stm32f1xx_it.c ****   /* USER CODE BEGIN USART1_IRQn 0 */
 251:Src/stm32f1xx_it.c **** 
 252:Src/stm32f1xx_it.c ****   /* USER CODE END USART1_IRQn 0 */
 253:Src/stm32f1xx_it.c ****   HAL_UART_IRQHandler(&huart1);
 335              		.loc 1 253 3 view .LVU37
 336 0002 0248     		ldr	r0, .L29
 337 0004 FFF7FEFF 		bl	HAL_UART_IRQHandler
 338              	.LVL4:
ARM GAS  /tmp/ccP58wps.s 			page 11


 254:Src/stm32f1xx_it.c ****   /* USER CODE BEGIN USART1_IRQn 1 */
 255:Src/stm32f1xx_it.c **** 
 256:Src/stm32f1xx_it.c ****   /* USER CODE END USART1_IRQn 1 */
 257:Src/stm32f1xx_it.c **** }
 339              		.loc 1 257 1 is_stmt 0 view .LVU38
 340 0008 08BD     		pop	{r3, pc}
 341              	.L30:
 342 000a 00BF     		.align	2
 343              	.L29:
 344 000c 00000000 		.word	huart1
 345              		.cfi_endproc
 346              	.LFE80:
 348              		.text
 349              	.Letext0:
 350              		.file 2 "/usr/lib/gcc/arm-none-eabi/9.2.1/include/stdint.h"
 351              		.file 3 "Drivers/CMSIS/Include/core_cm3.h"
 352              		.file 4 "Drivers/CMSIS/Device/ST/STM32F1xx/Include/system_stm32f1xx.h"
 353              		.file 5 "Drivers/CMSIS/Device/ST/STM32F1xx/Include/stm32f103xb.h"
 354              		.file 6 "Drivers/STM32F1xx_HAL_Driver/Inc/stm32f1xx_hal_def.h"
 355              		.file 7 "Drivers/STM32F1xx_HAL_Driver/Inc/stm32f1xx_hal_dma.h"
 356              		.file 8 "Drivers/STM32F1xx_HAL_Driver/Inc/stm32f1xx_hal_tim.h"
 357              		.file 9 "Drivers/STM32F1xx_HAL_Driver/Inc/stm32f1xx_hal_uart.h"
 358              		.file 10 "Drivers/STM32F1xx_HAL_Driver/Inc/stm32f1xx_hal.h"
 359              		.file 11 "/usr/lib/gcc/arm-none-eabi/9.2.1/include/stddef.h"
 360              		.file 12 "/usr/include/newlib/sys/_types.h"
 361              		.file 13 "/usr/include/newlib/sys/reent.h"
 362              		.file 14 "/usr/include/newlib/sys/lock.h"
ARM GAS  /tmp/ccP58wps.s 			page 12


DEFINED SYMBOLS
                            *ABS*:0000000000000000 stm32f1xx_it.c
     /tmp/ccP58wps.s:16     .text.NMI_Handler:0000000000000000 $t
     /tmp/ccP58wps.s:24     .text.NMI_Handler:0000000000000000 NMI_Handler
     /tmp/ccP58wps.s:38     .text.HardFault_Handler:0000000000000000 $t
     /tmp/ccP58wps.s:45     .text.HardFault_Handler:0000000000000000 HardFault_Handler
     /tmp/ccP58wps.s:62     .text.MemManage_Handler:0000000000000000 $t
     /tmp/ccP58wps.s:69     .text.MemManage_Handler:0000000000000000 MemManage_Handler
     /tmp/ccP58wps.s:86     .text.BusFault_Handler:0000000000000000 $t
     /tmp/ccP58wps.s:93     .text.BusFault_Handler:0000000000000000 BusFault_Handler
     /tmp/ccP58wps.s:110    .text.UsageFault_Handler:0000000000000000 $t
     /tmp/ccP58wps.s:117    .text.UsageFault_Handler:0000000000000000 UsageFault_Handler
     /tmp/ccP58wps.s:134    .text.SVC_Handler:0000000000000000 $t
     /tmp/ccP58wps.s:141    .text.SVC_Handler:0000000000000000 SVC_Handler
     /tmp/ccP58wps.s:154    .text.DebugMon_Handler:0000000000000000 $t
     /tmp/ccP58wps.s:161    .text.DebugMon_Handler:0000000000000000 DebugMon_Handler
     /tmp/ccP58wps.s:174    .text.PendSV_Handler:0000000000000000 $t
     /tmp/ccP58wps.s:181    .text.PendSV_Handler:0000000000000000 PendSV_Handler
     /tmp/ccP58wps.s:194    .text.SysTick_Handler:0000000000000000 $t
     /tmp/ccP58wps.s:201    .text.SysTick_Handler:0000000000000000 SysTick_Handler
     /tmp/ccP58wps.s:221    .text.DMA1_Channel1_IRQHandler:0000000000000000 $t
     /tmp/ccP58wps.s:228    .text.DMA1_Channel1_IRQHandler:0000000000000000 DMA1_Channel1_IRQHandler
     /tmp/ccP58wps.s:248    .text.DMA1_Channel1_IRQHandler:000000000000000c $d
     /tmp/ccP58wps.s:253    .text.TIM3_IRQHandler:0000000000000000 $t
     /tmp/ccP58wps.s:260    .text.TIM3_IRQHandler:0000000000000000 TIM3_IRQHandler
     /tmp/ccP58wps.s:280    .text.TIM3_IRQHandler:000000000000000c $d
     /tmp/ccP58wps.s:285    .text.TIM4_IRQHandler:0000000000000000 $t
     /tmp/ccP58wps.s:292    .text.TIM4_IRQHandler:0000000000000000 TIM4_IRQHandler
     /tmp/ccP58wps.s:312    .text.TIM4_IRQHandler:000000000000000c $d
     /tmp/ccP58wps.s:317    .text.USART1_IRQHandler:0000000000000000 $t
     /tmp/ccP58wps.s:324    .text.USART1_IRQHandler:0000000000000000 USART1_IRQHandler
     /tmp/ccP58wps.s:344    .text.USART1_IRQHandler:000000000000000c $d

UNDEFINED SYMBOLS
HAL_IncTick
HAL_DMA_IRQHandler
hdma_adc1
HAL_TIM_IRQHandler
htim3
htim4
HAL_UART_IRQHandler
huart1
