ARM GAS  /tmp/cc5dfU04.s 			page 1


   1              		.cpu cortex-m3
   2              		.eabi_attribute 20, 1
   3              		.eabi_attribute 21, 1
   4              		.eabi_attribute 23, 3
   5              		.eabi_attribute 24, 1
   6              		.eabi_attribute 25, 1
   7              		.eabi_attribute 26, 1
   8              		.eabi_attribute 30, 1
   9              		.eabi_attribute 34, 1
  10              		.eabi_attribute 18, 4
  11              		.file	"us_delay.c"
  12              		.text
  13              	.Ltext0:
  14              		.cfi_sections	.debug_frame
  15              		.section	.text.timeoutCallback,"ax",%progbits
  16              		.align	1
  17              		.global	timeoutCallback
  18              		.arch armv7-m
  19              		.syntax unified
  20              		.thumb
  21              		.thumb_func
  22              		.fpu softvfp
  24              	timeoutCallback:
  25              	.LVL0:
  26              	.LFB69:
  27              		.file 1 "Src/us_delay.c"
   1:Src/us_delay.c **** #include "us_delay.h"
   2:Src/us_delay.c **** #include "stm32f1xx_hal_tim.h"
   3:Src/us_delay.c **** 
   4:Src/us_delay.c **** int us_delay_timeout = 0;
   5:Src/us_delay.c **** static volatile int counterD = 0;
   6:Src/us_delay.c **** // static volatile int counterCounter = 0;
   7:Src/us_delay.c **** void timeoutCallback(TIM_HandleTypeDef *htim);
   8:Src/us_delay.c **** 
   9:Src/us_delay.c **** void usDelayInit() {
  10:Src/us_delay.c ****   HAL_TIM_RegisterCallback(&htim3, HAL_TIM_PERIOD_ELAPSED_CB_ID,
  11:Src/us_delay.c ****                            timeoutCallback);
  12:Src/us_delay.c **** }
  13:Src/us_delay.c **** 
  14:Src/us_delay.c **** void timeoutCallback(TIM_HandleTypeDef *htim) {
  28              		.loc 1 14 47 view -0
  29              		.cfi_startproc
  30              		@ args = 0, pretend = 0, frame = 0
  31              		@ frame_needed = 0, uses_anonymous_args = 0
  32              		@ link register save eliminated.
  15:Src/us_delay.c ****   us_delay_timeout = 1;
  33              		.loc 1 15 3 view .LVU1
  34              		.loc 1 15 20 is_stmt 0 view .LVU2
  35 0000 034B     		ldr	r3, .L2
  36 0002 0122     		movs	r2, #1
  37 0004 1A60     		str	r2, [r3]
  16:Src/us_delay.c ****   counterD++;
  38              		.loc 1 16 3 is_stmt 1 view .LVU3
  39              		.loc 1 16 11 is_stmt 0 view .LVU4
  40 0006 034A     		ldr	r2, .L2+4
  41 0008 1368     		ldr	r3, [r2]
  42 000a 0133     		adds	r3, r3, #1
ARM GAS  /tmp/cc5dfU04.s 			page 2


  43 000c 1360     		str	r3, [r2]
  17:Src/us_delay.c **** }
  44              		.loc 1 17 1 view .LVU5
  45 000e 7047     		bx	lr
  46              	.L3:
  47              		.align	2
  48              	.L2:
  49 0010 00000000 		.word	.LANCHOR0
  50 0014 00000000 		.word	.LANCHOR1
  51              		.cfi_endproc
  52              	.LFE69:
  54              		.section	.text.usDelayInit,"ax",%progbits
  55              		.align	1
  56              		.global	usDelayInit
  57              		.syntax unified
  58              		.thumb
  59              		.thumb_func
  60              		.fpu softvfp
  62              	usDelayInit:
  63              	.LFB68:
   9:Src/us_delay.c ****   HAL_TIM_RegisterCallback(&htim3, HAL_TIM_PERIOD_ELAPSED_CB_ID,
  64              		.loc 1 9 20 is_stmt 1 view -0
  65              		.cfi_startproc
  66              		@ args = 0, pretend = 0, frame = 0
  67              		@ frame_needed = 0, uses_anonymous_args = 0
  68 0000 08B5     		push	{r3, lr}
  69              	.LCFI0:
  70              		.cfi_def_cfa_offset 8
  71              		.cfi_offset 3, -8
  72              		.cfi_offset 14, -4
  10:Src/us_delay.c ****                            timeoutCallback);
  73              		.loc 1 10 3 view .LVU7
  74 0002 034A     		ldr	r2, .L6
  75 0004 0E21     		movs	r1, #14
  76 0006 0348     		ldr	r0, .L6+4
  77 0008 FFF7FEFF 		bl	HAL_TIM_RegisterCallback
  78              	.LVL1:
  12:Src/us_delay.c **** 
  79              		.loc 1 12 1 is_stmt 0 view .LVU8
  80 000c 08BD     		pop	{r3, pc}
  81              	.L7:
  82 000e 00BF     		.align	2
  83              	.L6:
  84 0010 00000000 		.word	timeoutCallback
  85 0014 00000000 		.word	htim3
  86              		.cfi_endproc
  87              	.LFE68:
  89              		.section	.text.bsp_delay_us,"ax",%progbits
  90              		.align	1
  91              		.global	bsp_delay_us
  92              		.syntax unified
  93              		.thumb
  94              		.thumb_func
  95              		.fpu softvfp
  97              	bsp_delay_us:
  98              	.LVL2:
  99              	.LFB70:
ARM GAS  /tmp/cc5dfU04.s 			page 3


  18:Src/us_delay.c **** 
  19:Src/us_delay.c **** void bsp_delay_us(uint16_t us) {
 100              		.loc 1 19 32 is_stmt 1 view -0
 101              		.cfi_startproc
 102              		@ args = 0, pretend = 0, frame = 0
 103              		@ frame_needed = 0, uses_anonymous_args = 0
 104              		.loc 1 19 32 is_stmt 0 view .LVU10
 105 0000 08B5     		push	{r3, lr}
 106              	.LCFI1:
 107              		.cfi_def_cfa_offset 8
 108              		.cfi_offset 3, -8
 109              		.cfi_offset 14, -4
  20:Src/us_delay.c ****   uint16_t differ = 0xffff - us;
 110              		.loc 1 20 3 is_stmt 1 view .LVU11
 111              		.loc 1 20 12 is_stmt 0 view .LVU12
 112 0002 C343     		mvns	r3, r0
 113 0004 9BB2     		uxth	r3, r3
 114              	.LVL3:
  21:Src/us_delay.c **** 
  22:Src/us_delay.c ****   us_delay_timeout = 0;
 115              		.loc 1 22 3 is_stmt 1 view .LVU13
 116              		.loc 1 22 20 is_stmt 0 view .LVU14
 117 0006 084A     		ldr	r2, .L11
 118 0008 0021     		movs	r1, #0
 119 000a 1160     		str	r1, [r2]
  23:Src/us_delay.c ****   __HAL_TIM_SET_COUNTER(&htim3, differ);
 120              		.loc 1 23 3 is_stmt 1 view .LVU15
 121 000c 0748     		ldr	r0, .L11+4
 122              	.LVL4:
 123              		.loc 1 23 3 is_stmt 0 view .LVU16
 124 000e 0268     		ldr	r2, [r0]
 125 0010 5362     		str	r3, [r2, #36]
  24:Src/us_delay.c ****   HAL_TIM_Base_Start_IT(&htim3);
 126              		.loc 1 24 3 is_stmt 1 view .LVU17
 127 0012 FFF7FEFF 		bl	HAL_TIM_Base_Start_IT
 128              	.LVL5:
  25:Src/us_delay.c **** 
  26:Src/us_delay.c ****   while (us_delay_timeout == 0)
 129              		.loc 1 26 3 view .LVU18
 130              	.L9:
  27:Src/us_delay.c ****     ;
 131              		.loc 1 27 5 discriminator 1 view .LVU19
  26:Src/us_delay.c ****     ;
 132              		.loc 1 26 9 discriminator 1 view .LVU20
  26:Src/us_delay.c ****     ;
 133              		.loc 1 26 27 is_stmt 0 discriminator 1 view .LVU21
 134 0016 044B     		ldr	r3, .L11
 135 0018 1B68     		ldr	r3, [r3]
  26:Src/us_delay.c ****     ;
 136              		.loc 1 26 9 discriminator 1 view .LVU22
 137 001a 002B     		cmp	r3, #0
 138 001c FBD0     		beq	.L9
  28:Src/us_delay.c ****   HAL_TIM_Base_Stop(&htim3);
 139              		.loc 1 28 3 is_stmt 1 view .LVU23
 140 001e 0348     		ldr	r0, .L11+4
 141 0020 FFF7FEFF 		bl	HAL_TIM_Base_Stop
 142              	.LVL6:
ARM GAS  /tmp/cc5dfU04.s 			page 4


  29:Src/us_delay.c **** }
 143              		.loc 1 29 1 is_stmt 0 view .LVU24
 144 0024 08BD     		pop	{r3, pc}
 145              	.L12:
 146 0026 00BF     		.align	2
 147              	.L11:
 148 0028 00000000 		.word	.LANCHOR0
 149 002c 00000000 		.word	htim3
 150              		.cfi_endproc
 151              	.LFE70:
 153              		.global	us_delay_timeout
 154              		.section	.bss.counterD,"aw",%nobits
 155              		.align	2
 156              		.set	.LANCHOR1,. + 0
 159              	counterD:
 160 0000 00000000 		.space	4
 161              		.section	.bss.us_delay_timeout,"aw",%nobits
 162              		.align	2
 163              		.set	.LANCHOR0,. + 0
 166              	us_delay_timeout:
 167 0000 00000000 		.space	4
 168              		.text
 169              	.Letext0:
 170              		.file 2 "/usr/lib/gcc/arm-none-eabi/9.2.1/include/stdint.h"
 171              		.file 3 "Drivers/CMSIS/Include/core_cm3.h"
 172              		.file 4 "Drivers/CMSIS/Device/ST/STM32F1xx/Include/system_stm32f1xx.h"
 173              		.file 5 "Drivers/CMSIS/Device/ST/STM32F1xx/Include/stm32f103xb.h"
 174              		.file 6 "Drivers/STM32F1xx_HAL_Driver/Inc/stm32f1xx_hal_def.h"
 175              		.file 7 "Drivers/STM32F1xx_HAL_Driver/Inc/stm32f1xx_hal_dma.h"
 176              		.file 8 "Drivers/STM32F1xx_HAL_Driver/Inc/stm32f1xx_hal_tim.h"
 177              		.file 9 "Drivers/STM32F1xx_HAL_Driver/Inc/stm32f1xx_hal.h"
 178              		.file 10 "/usr/lib/gcc/arm-none-eabi/9.2.1/include/stddef.h"
 179              		.file 11 "/usr/include/newlib/sys/_types.h"
 180              		.file 12 "/usr/include/newlib/sys/reent.h"
 181              		.file 13 "/usr/include/newlib/sys/lock.h"
 182              		.file 14 "Inc/tim.h"
ARM GAS  /tmp/cc5dfU04.s 			page 5


DEFINED SYMBOLS
                            *ABS*:0000000000000000 us_delay.c
     /tmp/cc5dfU04.s:16     .text.timeoutCallback:0000000000000000 $t
     /tmp/cc5dfU04.s:24     .text.timeoutCallback:0000000000000000 timeoutCallback
     /tmp/cc5dfU04.s:49     .text.timeoutCallback:0000000000000010 $d
     /tmp/cc5dfU04.s:55     .text.usDelayInit:0000000000000000 $t
     /tmp/cc5dfU04.s:62     .text.usDelayInit:0000000000000000 usDelayInit
     /tmp/cc5dfU04.s:84     .text.usDelayInit:0000000000000010 $d
     /tmp/cc5dfU04.s:90     .text.bsp_delay_us:0000000000000000 $t
     /tmp/cc5dfU04.s:97     .text.bsp_delay_us:0000000000000000 bsp_delay_us
     /tmp/cc5dfU04.s:148    .text.bsp_delay_us:0000000000000028 $d
     /tmp/cc5dfU04.s:166    .bss.us_delay_timeout:0000000000000000 us_delay_timeout
     /tmp/cc5dfU04.s:155    .bss.counterD:0000000000000000 $d
     /tmp/cc5dfU04.s:159    .bss.counterD:0000000000000000 counterD
     /tmp/cc5dfU04.s:162    .bss.us_delay_timeout:0000000000000000 $d

UNDEFINED SYMBOLS
HAL_TIM_RegisterCallback
htim3
HAL_TIM_Base_Start_IT
HAL_TIM_Base_Stop
